System check identified some issues:

WARNINGS:
?: (2_0.W001) Your URL pattern '^keyboard' has a route that contains '(?P<', begins with a '^', or ends with a '$'. This was likely an oversight when migrating to django.urls.path().

System check identified 1 issue (0 silenced).
System check identified some issues:

WARNINGS:
?: (2_0.W001) Your URL pattern '^keyboard' has a route that contains '(?P<', begins with a '^', or ends with a '$'. This was likely an oversight when migrating to django.urls.path().

System check identified 1 issue (0 silenced).
[05/Jun/2019 23:38:55] "POST /%5Ekeyboard HTTP/1.1" 200 497
[05/Jun/2019 23:44:53] "POST /%5Ekeyboard HTTP/1.1" 200 514
[05/Jun/2019 23:44:57] "POST /%5Ekeyboard HTTP/1.1" 200 366
[06/Jun/2019 00:04:44] "POST /%5Ekeyboard HTTP/1.1" 200 336
[06/Jun/2019 00:05:03] "POST /%5Ekeyboard HTTP/1.1" 200 348
[06/Jun/2019 00:05:13] "POST /%5Ekeyboard HTTP/1.1" 200 165
[06/Jun/2019 00:05:29] "POST /%5Ekeyboard HTTP/1.1" 200 286
[06/Jun/2019 00:05:34] "POST /%5Ekeyboard HTTP/1.1" 200 209
[06/Jun/2019 00:05:41] "POST /%5Ekeyboard HTTP/1.1" 200 140
[06/Jun/2019 00:06:03] "POST /%5Ekeyboard HTTP/1.1" 200 246
[06/Jun/2019 00:06:44] "POST /%5Ekeyboard HTTP/1.1" 200 220
[06/Jun/2019 00:06:55] "POST /%5Ekeyboard HTTP/1.1" 200 375
[06/Jun/2019 00:07:00] "POST /%5Ekeyboard HTTP/1.1" 200 272
[06/Jun/2019 00:07:08] "POST /%5Ekeyboard HTTP/1.1" 200 302
[06/Jun/2019 00:07:15] "POST /%5Ekeyboard HTTP/1.1" 200 363
[06/Jun/2019 00:07:22] "POST /%5Ekeyboard HTTP/1.1" 200 233
[06/Jun/2019 00:40:07] "POST /%5Ekeyboard HTTP/1.1" 200 416
[06/Jun/2019 00:40:13] "POST /%5Ekeyboard HTTP/1.1" 200 394
[06/Jun/2019 00:40:23] "POST /%5Ekeyboard HTTP/1.1" 200 425
[06/Jun/2019 00:41:23] "POST /%5Ekeyboard HTTP/1.1" 200 292
[06/Jun/2019 00:41:39] "POST /%5Ekeyboard HTTP/1.1" 200 151
[06/Jun/2019 00:42:06] "POST /%5Ekeyboard HTTP/1.1" 200 505
[06/Jun/2019 00:42:12] "POST /%5Ekeyboard HTTP/1.1" 200 373
[06/Jun/2019 00:42:23] "POST /%5Ekeyboard HTTP/1.1" 200 361
[06/Jun/2019 00:42:30] "POST /%5Ekeyboard HTTP/1.1" 200 153
[06/Jun/2019 00:42:34] "POST /%5Ekeyboard HTTP/1.1" 200 153
[06/Jun/2019 00:42:36] "POST /%5Ekeyboard HTTP/1.1" 200 385
[06/Jun/2019 00:42:37] "POST /%5Ekeyboard HTTP/1.1" 200 91
[06/Jun/2019 00:42:39] "POST /%5Ekeyboard HTTP/1.1" 200 153
[06/Jun/2019 00:42:41] "POST /%5Ekeyboard HTTP/1.1" 200 157
Performing system checks...

June 05, 2019 - 23:37:36
Django version 2.1.1, using settings 'kakao.settings'
Starting development server at http://0.0.0.0:8000/
Quit the server with CONTROL-C.
설렁탕을 사다 놓았는데 왜 먹지를 못하니
keywords :  ['설렁탕', '을', '사다', '놓았는데', '왜', '먹지를', '못', '하니']
허기진 놈 보고 설렁탕을 사 달라는 게 옳겠지 자기보고 돈을 내 랄 쪄 엔 요놈은 거지 중에서 제일 액수 사낚 운 놈일 게어요. 그는 들은 척 않고 그대로 늠름 히 걸밌어요.
코드는 찾긴햇는데
keywords :  ['코드', '는', '찾긴', '햇', '는데']
술이 어지간히 돌았는지 체면 불구하고 레코드에 맞추어 몸 응 으쓱거리더니 나중에는 자리를 일어서 서 춤의 자세를 하고 발가락으로 달 가락 달 가락 춤을 추는 것이었어요.
고치자ㅔ
keywords :  ['고치', '자', 'ㅔ']
아, 진작 한 나이라도 젊어서 팔자를 고치는 게 아니라, 무슨 놈의 우 난 후분을 바라고 있다가 끝끝내 고생을 하는지.
ㅎㅇ
keywords :  ['ㅎㅇ']
특히 빈한한 환자에게 한하여는 수술료 같은 것은 반감하였고 또는 사정만 하면 한 푼도 받지 않았어요.
특히 빈한한 환자에게 한하여는 수술료 같은 것은 반감하였고 또는 사정만 하면 한 푼도 받지 않았어요.
내가 처음에 도움말을 써 놓았다
keywords :  ['내', '가', '처음', '에', '도움말', '을', '써', '놓았다']
하다가 그는 화닥닥 악 소리를 내며 그 방 오라비의 방안에 뛰어들어가서 오라비의 이불을 훅 뒤집어썼어요.
개새끼야
keywords :  ['개새끼', '야']
 그리구 또 개새끼두 수없이 짖겠구.
훅
keywords :  ['훅']
나중에는 겨우 손톱으로 목을 따라고 까지 하고, 제 아들같이 함부로 훅 닥이었어요.
노무현
keywords :  ['노무현']
공범이라면 홍한 경 씨와 고 순일 씨가 공범이겠지요.
공범이라면 홍한 경 씨와 고 순일 씨가 공범이겠지요.
당신이 최고야?
keywords :  ['당신', '이', '최고', '야', '?']
 저 젊은이 당신 남편이오?
의미가 통하는 일을 하고 싶어요
keywords :  ['의미', '가', '통', '하는', '일', '을', '하고', '싶어요']
이것만 하더라도 밤 장안을 헤매는 것은 무의미한 일은 아니었어요.
소설을 쓰고 싶어요
keywords :  ['소설', '을', '쓰고', '싶어요']
그만치 꾸며 대기를 잘하면 소설가가 됐으면 성공하겠데.
수학을 잘하고 싶어요
keywords :  ['수학', '을', '잘', '하고', '싶어요']
손 생원은 나이 열일곱 때에 동문수학하는 유 항.  과 또 하나 양  모와 세 사람이 절에서 두 달 동안을 공부하게 되었어요.
시발놈아
keywords :  ['시발', '놈', '아']
해도 기쁘고 만족스러웠을 것을 내 힘으로 너무도 크고 뜻은 너무도 높았어요.
해도 기쁘고 만족스러웠을 것을 내 힘으로 너무도 크고 뜻은 너무도 높았어요.
아리사카
keywords :  ['아리', '사카']
마루에 앉아 하루 판 돈을 세 던 양 순 어미는 동진을 보더니 술 항아리 옆으로 비켜 앉으며,
술에 물 탄듯 물에 술 탄듯
keywords :  ['술', '에', '물', '탄듯', '물', '에', '술', '탄듯']
동 정월 자신이 많은 사람과 접촉할 기회를 얻어야 할지니 그러자면 술집  색주가 밖에는 다른 법은 없을 것이어요.
구름에 달 가듯이 가는 나그네
keywords :  ['구름', '에', '달', '가듯이', '가는', '나그네']
그리고 구름이 발에 걸치는 듯이 느럭느럭 힘없이 걸어갔어요.
안녕
keywords :  ['안녕']
그랬더니 임 실이 는 돌아서 서 원망스럽게 나를 흘겨보면서 그러면 이것이 마지막이니 안녕이나 계시라고 어디로 인지 사라졌읍니다.
http://dn-m.talk.kakao.com/talkm/bl3dWVg8K8I/kq3YoicwenFcwRa0ANQKNK/i_bx3955mgt6dv.jpg
keywords :  ['http://dn-m.talk.kakao.com/talkm/bl3dWVg8K8I/kq3YoicwenFcwRa0ANQKNK/i_bx3955mgt6dv.jpg']
얼음 같이 차 보이는 회벽에 광고로 붙인 각종 포스터가 울긋불긋 하였고 두어 개의 의자가 한 켠에 길체에 돌아앉고 있습니다.
얼음 같이 차 보이는 회벽에 광고로 붙인 각종 포스터가 울긋불긋 하였고 두어 개의 의자가 한 켠에 길체에 돌아앉고 있습니다.
안녕
keywords :  ['안녕']
고렇게 안녕하게 제 누이를 지켜 필경 달아나게 맨들고 악풀이로 자기를 잡아가는 면 후의 심사를 생각할 수록 이가 갈리고 치가 떨렸어요.
http://dn-m.talk.kakao.com/talkm/bl3b4yBJueg/kGLg12KZe571DDZBI1qeIK/i_97xwcmrz9wp7.jpg
keywords :  ['http://dn-m.talk.kakao.com/talkm/bl3b4yBJueg/kGLg12KZe571DDZBI1qeIK/i_97xwcmrz9wp7.jpg']
그리하여 일할 것만이 있고, 다른 찾아 온 사람이 없으면 반드시 사랑방으로 나왔어요.
그리하여 일할 것만이 있고, 다른 찾아 온 사람이 없으면 반드시 사랑방으로 나왔어요.
http://dn-m.talk.kakao.com/talkm/bl3b4yodboA/bAmgo35Qahqj4uK8TKpLG0/i_lwkpkmrh4sdz.jpg
keywords :  ['http://dn-m.talk.kakao.com/talkm/bl3b4yodboA/bAmgo35Qahqj4uK8TKpLG0/i_lwkpkmrh4sdz.jpg']
매미소리가 맴맴 하고 났어요.
매미소리가 맴맴 하고 났어요.
http://dn-m.talk.kakao.com/talkm/bl3b4AM5b3N/2obYM2YWp6NmWLSvMlkvlk/i_qoio7c9sj6pv.jpg
keywords :  ['http://dn-m.talk.kakao.com/talkm/bl3b4AM5b3N/2obYM2YWp6NmWLSvMlkvlk/i_qoio7c9sj6pv.jpg']
근 노래가 자장가이고 아닌 것 쯤이야 구별하여 낼 수 있음 즉 한데 그래도 누가 아나 때가 때인 만큼 그렇지만 보산의 귀에는 분명히 일본 야 스기 부 시를에 틀림없었어요.
근 노래가 자장가이고 아닌 것 쯤이야 구별하여 낼 수 있음 즉 한데 그래도 누가 아나 때가 때인 만큼 그렇지만 보산의 귀에는 분명히 일본 야 스기 부 시를에 틀림없었어요.
아
keywords :  ['아']
내지 같으면 아직도 홑옷을 입을 터인데 두툼한 고 꾸라 양복을 입었는데도 이렇게 온몸이 싸늘하게 얼어 들어온어요.
http://dn-m.talk.kakao.com/talkm/bl3dWV2vKgP/gBqU45nooJ2Ki7XmCq2GW1/i_s9cjssn26r9q.jpg
keywords :  ['http://dn-m.talk.kakao.com/talkm/bl3dWV2vKgP/gBqU45nooJ2Ki7XmCq2GW1/i_s9cjssn26r9q.jpg']
계집과 신치규는 방원이 와 선 것을 보고서 처음에는 조금 간담이 서늘하여 졌으나 다시 태연하게 내려 앉혔어요.
계집과 신치규는 방원이 와 선 것을 보고서 처음에는 조금 간담이 서늘하여 졌으나 다시 태연하게 내려 앉혔어요.
ㅁ
keywords :  ['ㅁ']
 어 ㅁ 마  어 ㅁ 마  히 히 애…….
ㅁ
keywords :  ['ㅁ']
 어 ㅁ 마  어 ㅁ 마  히 히 애…….
ㄴ
keywords :  ['ㄴ']
하고 말을 가로채는 것이었다 , . 그런데 또 말이 이렇게 나오고 보면 그로서 ㄴ 투정인지 뭔지 당황하지 않을 수가 없었어요.
ㅇ
keywords :  ['ㅇ']
 뿡  ㅇ.
ㅁ
keywords :  ['ㅁ']
 어 ㅁ 마  어 ㅁ 마  히 히 애…….
내지 같으면 아직도 홑옷을 입을 터인데 두툼한 고 꾸라 양복을 입었는데도 이렇게 온몸이 싸늘하게 얼어 들어온어요.
keywords :  ['내지', '같으면', '아직도', '홑옷', '을', '입', '을', '터', '인데', '두툼', '한', '고', '꾸라', '양복', '을', '입었는데도', '이렇게', '온몸', '이', '싸늘하게', '얼어', '들어온어요', '.']
외로이 지내지 않으면 안된어요.
ㅣ
keywords :  ['ㅣ']
그러나 일자리를 안 준 건 광산 회 산가 세상인가 몰라도 자기는 며칠 안 되어 세상 여편네가 먹는 결심이란 만일 굳건한 용단력이 있다면 죽음밖에 다할 길이 없다는 걸 알게 되었을 뿐 계 향이  그때는 봉희  라 불렀건만  그의 공부도 가갸 거 겨 에서 끊어지고 쌀밥이 조밥되고 밥이 다시 죽이 되는 한 해 동안 해보고 난 것 부대 껴 보고 생각한 끝이 재가  였어요.
그러나 일자리를 안 준 건 광산 회 산가 세상인가 몰라도 자기는 며칠 안 되어 세상 여편네가 먹는 결심이란 만일 굳건한 용단력이 있다면 죽음밖에 다할 길이 없다는 걸 알게 되었을 뿐 계 향이  그때는 봉희  라 불렀건만  그의 공부도 가갸 거 겨 에서 끊어지고 쌀밥이 조밥되고 밥이 다시 죽이 되는 한 해 동안 해보고 난 것 부대 껴 보고 생각한 끝이 재가  였어요.[06/Jun/2019 00:42:41] "POST /%5Ekeyboard HTTP/1.1" 200 975
[06/Jun/2019 00:42:43] "POST /%5Ekeyboard HTTP/1.1" 200 228
[06/Jun/2019 00:42:44] "POST /%5Ekeyboard HTTP/1.1" 200 522
[06/Jun/2019 00:42:45] "POST /%5Ekeyboard HTTP/1.1" 200 228
[06/Jun/2019 00:42:46] "POST /%5Ekeyboard HTTP/1.1" 200 259
[06/Jun/2019 00:42:47] "POST /%5Ekeyboard HTTP/1.1" 200 419
[06/Jun/2019 00:42:48] "POST /%5Ekeyboard HTTP/1.1" 200 214
[06/Jun/2019 00:42:49] "POST /%5Ekeyboard HTTP/1.1" 200 295
[06/Jun/2019 00:42:51] "POST /%5Ekeyboard HTTP/1.1" 200 315
[06/Jun/2019 00:42:53] "POST /%5Ekeyboard HTTP/1.1" 200 376
[06/Jun/2019 00:42:55] "POST /%5Ekeyboard HTTP/1.1" 200 233
[06/Jun/2019 00:42:57] "POST /%5Ekeyboard HTTP/1.1" 200 327
[06/Jun/2019 00:43:00] "POST /%5Ekeyboard HTTP/1.1" 200 216
[06/Jun/2019 00:43:01] "POST /%5Ekeyboard HTTP/1.1" 200 305
[06/Jun/2019 00:43:02] "POST /%5Ekeyboard HTTP/1.1" 200 185
[06/Jun/2019 00:43:03] "POST /%5Ekeyboard HTTP/1.1" 200 146
[06/Jun/2019 00:43:04] "POST /%5Ekeyboard HTTP/1.1" 200 209
[06/Jun/2019 00:43:05] "POST /%5Ekeyboard HTTP/1.1" 200 304
[06/Jun/2019 00:43:10] "POST /%5Ekeyboard HTTP/1.1" 200 215
[06/Jun/2019 00:43:12] "POST /%5Ekeyboard HTTP/1.1" 200 225
[06/Jun/2019 00:43:13] "POST /%5Ekeyboard HTTP/1.1" 200 253
[06/Jun/2019 00:43:20] "POST /%5Ekeyboard HTTP/1.1" 200 183
[06/Jun/2019 00:43:22] "POST /%5Ekeyboard HTTP/1.1" 200 354
[06/Jun/2019 00:43:24] "POST /%5Ekeyboard HTTP/1.1" 200 195
[06/Jun/2019 00:44:10] "POST /%5Ekeyboard HTTP/1.1" 200 479
[06/Jun/2019 00:44:13] "POST /%5Ekeyboard HTTP/1.1" 200 211
[06/Jun/2019 00:44:15] "POST /%5Ekeyboard HTTP/1.1" 200 396
[06/Jun/2019 00:44:17] "POST /%5Ekeyboard HTTP/1.1" 200 369
[06/Jun/2019 00:44:26] "POST /%5Ekeyboard HTTP/1.1" 200 300

ㅏ
keywords :  ['ㅏ']
그것은 ㄱㄴ 과 ㅏㅑㅓㅕ를 수로 한 우리의 암호 신호였어요.
외로이 지내지 않으면 안된어요.
keywords :  ['외로이', '지내지', '않으면', '안된어요', '.']
머리를 수그리고 외로이 있는 자기 아버지에게로 돌아간 아름다운 새 한 마리. 역시 머리를 수그리고 이를 맞아들인 늙은 명문, 이 두 배우의 장래의 연출하려는 비극은 어떠할까.
ㅏ
keywords :  ['ㅏ']
그것은 ㄱㄴ 과 ㅏㅑㅓㅕ를 수로 한 우리의 암호 신호였어요.
ㄷ
keywords :  ['ㄷ']
그러나 권 노인 도우리 ㄷ 씨를 온종일 불쾌하게만은 만들지 않았었어요.
ㄱ
keywords :  ['ㄱ']
이까짓 남들 다 하는 ㄱ ㄴ 쯤의 학문으로, 남들도 지을 줄 아는 삼시 밥 먹을 때 오른손에 숟가락 잡을 줄 아는 것 쯤으로는 벌써 틀렸어요.
머리를 수그리고 외로이 있는 자기 아버지에게로 돌아간 아름다운 새 한 마리. 역시 머리를 수그리고 이를 맞아들인 늙은 명문, 이 두 배우의 장래의 연출하려는 비극은 어떠할까.
keywords :  ['머리', '를', '수', '그리고', '외로이', '있는', '자기', '아버지', '에게로', '돌아간', '아름다운', '새', '한', '마리', '.', '역시', '머리', '를', '수', '그리고', '이를', '맞아', '들인', '늙은', '명문', ',', '이', '두', '배우', '의', '장래', '의', '연출', '하려는', '비극', '은', '어떠할까', '.']
벽에 머리를 부딪히며 어린애같이 깩깩 울고 앉았어요.
ㅂ
keywords :  ['ㅂ']
이 ㅂ 씨의 한글 혼란 책에 팔을 걷고 일어난 것이 ㅎ 고보와 ㅈ 고보의 두 교장이었어요.
벽에 머리를 부딪히며 어린애같이 깩깩 울고 앉았어요.
keywords :  ['벽', '에', '머리', '를', '부딪히며', '어린', '애', '같이', '깩깩', '울', '고', '앉았어요', '.']
생각을 하니 웬일인지 새벽부터 졸이던 가슴이 슬픔과 아픔으로 변하는 것을 그는 깨달았어요.
여름장
keywords :  ['여름', '장']
여름이 그가 땀 흘리는 동안에 가고 그러나 그의 등의 땀이 걷히기 전에 왕복 엽서 모양으로 안해가 초조 히 돌아왔어요.
생각을 하니 웬일인지 새벽부터 졸이던 가슴이 슬픔과 아픔으로 변하는 것을 그는 깨달았어요.
keywords :  ['생각', '을', '하니', '웬일', '인지', '새벽', '부터', '졸', '이던', '가슴', '이', '슬픔', '과', '아픔', '으로', '변하는', '것', '을', '그', '는', '깨', '달았어요', '.']
왼 종일 생각해 보니까 한 경 씨의 간 곳은 고 씨가 잘 알 듯해요.
왼 종일 생각해 보니까 한 경 씨의 간 곳은 고 씨가 잘 알 듯해요.
keywords :  ['왼', '종일', '생각', '해', '보', '니까', '한', '경', '씨', '의', '간', '곳', '은', '고', '씨', '가', '잘', '알', '듯', '해요', '.']
오후에 자기의 병을 위로하러 찾아온 손님들에게 긴 상에게는 오른손을, 이상에게는 왼손을 잡히우
오후에 자기의 병을 위로하러 찾아온 손님들에게 긴 상에게는 오른손을, 이상에게는 왼손을 잡히우
keywords :  ['오후', '에', '자기', '의', '병', '을', '위로', '하러', '찾아온', '손님', '들', '에게', '긴', '상', '에게는', '오른손', '을', ',', '이상', '에게는', '왼손', '을', '잡히우']
과연 그날 오후에 김류가 단 혼자서 이 술집으로 왔어요.
오후에 자기의 병을 위로하러 찾아온 손님들에게 긴 상에게는 오른손을, 이상에게는 왼손을 잡히우
keywords :  ['오후', '에', '자기', '의', '병', '을', '위로', '하러', '찾아온', '손님', '들', '에게', '긴', '상', '에게는', '오른손', '을', ',', '이상', '에게는', '왼손', '을', '잡히우']
그러나 또한 낮잠을 한 번 자고 오후가 되기만 하면 오전의 일이 부끄럽기가 한이 없었어요.
오후에 자기의 병을 위로하러 찾아온 손님들에게 긴 상에게는 오른손을, 이상에게는 왼손을 잡히우
keywords :  ['오후', '에', '자기', '의', '병', '을', '위로', '하러', '찾아온', '손님', '들', '에게', '긴', '상', '에게는', '오른손', '을', ',', '이상', '에게는', '왼손', '을', '잡히우']
오후 3시 쯤 대여섯 명의 무리가 밀려왔어요.
여름장이란 애시당초
keywords :  ['여름', '장', '이란', '애시', '당초']
그것은 어떤 첫 여름이었다 .
오후에 자기의 병을 위로하러 찾아온 손님들에게 긴 상에게는 오른손을, 이상에게는 왼손을 잡히우
keywords :  ['오후', '에', '자기', '의', '병', '을', '위로', '하러', '찾아온', '손님', '들', '에게', '긴', '상', '에게는', '오른손', '을', ',', '이상', '에게는', '왼손', '을', '잡히우']
오후의 패 연이 같으면  모 오 메자 메?  벌써 깨 었구 나
오후에 자기의 병을 위로하러 찾아온 손님들에게 긴 상에게는 오른손을, 이상에게는 왼손을 잡히우
keywords :  ['오후', '에', '자기', '의', '병', '을', '위로', '하러', '찾아온', '손님', '들', '에게', '긴', '상', '에게는', '오른손', '을', ',', '이상', '에게는', '왼손', '을', '잡히우']
오후의 패 연이 가 기뻐하면 기뻐하느니만 치 오전의 패 연이에게는 더욱 가슴이 아팠어요.
오후에 자기의 병을 위로하러 찾아온 손님들에게 긴 상에게는 오른손을, 이상에게는 왼손을 잡히우
keywords :  ['오후', '에', '자기', '의', '병', '을', '위로', '하러', '찾아온', '손님', '들', '에게', '긴', '상', '에게는', '오른손', '을', ',', '이상', '에게는', '왼손', '을', '잡히우']
앞집 사람에게 물으매, 오후 2시에 쓰레기통을 가져오마
오후에 자기의 병을 위로하러 찾아온 손님들에게 긴 상에게는 오른손을, 이상에게는 왼손을 잡히우
keywords :  ['오후', '에', '자기', '의', '병', '을', '위로', '하러', '찾아온', '손님', '들', '에게', '긴', '상', '에게는', '오른손', '을', ',', '이상', '에게는', '왼손', '을', '잡히우']
그날 오후, 형이 병원에 온 때에, 나는 매우 괴로운 말을 꺼내
오후에 자기의 병을 위로하러 찾아온 손님들에게 긴 상에게는 오른손을, 이상에게는 왼손을 잡히우
keywords :  ['오후', '에', '자기', '의', '병', '을', '위로', '하러', '찾아온', '손님', '들', '에게', '긴', '상', '에게는', '오른손', '을', ',', '이상', '에게는', '왼손', '을', '잡히우']
오후에는…… 야, 오후엔 우리 집 살롱엔 별별 청년들이다 모여든어요.
.
keywords :  ['.']
아내는 속을 스스로 눅이어 이렇게 말해요.
.
keywords :  ['.']
앞뜰에는 앙상한 나뭇가지 그림자로 가득 해요. 그리고 어디선 가 벌레소리가 쌍으로 들렸다 꺼졌다 하였어요.
.
keywords :  ['.']
날개가 부러지고 파랗게 멍든 흔적이 남았어요.
똥
keywords :  ['똥']
그 모양이 하도 수상하여 이뿐이 는 눈을 똥그랗게 뜨고 바라보니 도련님은 좀 면구 쩍은 지 낯을 모로 돌리며 그러나 여일 히 싱글싱글 웃으며 뱃심 유한 소리가 
똥
keywords :  ['똥']
밀 똥 버력이라야 금이 온다는 데 왜 이리 안 나오는지.
똥
keywords :  ['똥']
그는 똥통과 이불 새에 허리를 펴고 누워서  강담 전집  을 읽으면서 이따금 버드나무를 그린 부채로 무릎을 딱딱 치고 있었어요.
똥
keywords :  ['똥']
개똥 어머니가 쥐 가죽이 약이라 기, 쥐를 잡아 저리 붙였는데 자꾸만 떼려구 저러니 아마 나으려구 가려운 모양이지.
집
keywords :  ['집']
 계집년이 방정맞으니깐 아들 하나도 못 낳고 맨날 하나님 하나님, 하나님 이 제 서방이야?
집
keywords :  ['집']
치 삼은 흥이 조금 깨어지는 얼굴로,  원 이 사람이, 참말을 하나 거짓말을 하나. 그러면 집으로 가세, 가. 하고 우는 이의 팔을 잡아당기었어요.[06/Jun/2019 00:44:29] "POST /%5Ekeyboard HTTP/1.1" 200 427
[06/Jun/2019 00:44:34] "POST /%5Ekeyboard HTTP/1.1" 200 345
[06/Jun/2019 00:44:40] "POST /%5Ekeyboard HTTP/1.1" 200 365
[06/Jun/2019 00:44:42] "POST /%5Ekeyboard HTTP/1.1" 200 470
[06/Jun/2019 00:44:45] "POST /%5Ekeyboard HTTP/1.1" 200 197
[06/Jun/2019 00:44:46] "POST /%5Ekeyboard HTTP/1.1" 200 153
[06/Jun/2019 00:45:14] "POST /%5Ekeyboard HTTP/1.1" 200 340
[06/Jun/2019 00:45:18] "POST /%5Ekeyboard HTTP/1.1" 200 149
[06/Jun/2019 00:45:20] "POST /%5Ekeyboard HTTP/1.1" 200 391
[06/Jun/2019 00:45:21] "POST /%5Ekeyboard HTTP/1.1" 200 274
[06/Jun/2019 00:45:23] "POST /%5Ekeyboard HTTP/1.1" 200 427
[06/Jun/2019 00:45:26] "POST /%5Ekeyboard HTTP/1.1" 200 235
[06/Jun/2019 00:45:27] "POST /%5Ekeyboard HTTP/1.1" 200 149
[06/Jun/2019 00:45:29] "POST /%5Ekeyboard HTTP/1.1" 200 172
[06/Jun/2019 00:45:31] "POST /%5Ekeyboard HTTP/1.1" 200 146
[06/Jun/2019 00:45:31] "POST /%5Ekeyboard HTTP/1.1" 200 225
[06/Jun/2019 00:45:33] "POST /%5Ekeyboard HTTP/1.1" 200 122
[06/Jun/2019 00:45:35] "POST /%5Ekeyboard HTTP/1.1" 200 287
[06/Jun/2019 00:45:44] "POST /%5Ekeyboard HTTP/1.1" 200 153
[06/Jun/2019 00:45:45] "POST /%5Ekeyboard HTTP/1.1" 200 153
[06/Jun/2019 00:45:46] "POST /%5Ekeyboard HTTP/1.1" 200 470
[06/Jun/2019 00:45:47] "POST /%5Ekeyboard HTTP/1.1" 200 127
[06/Jun/2019 00:45:50] "POST /%5Ekeyboard HTTP/1.1" 200 149
[06/Jun/2019 00:45:51] "POST /%5Ekeyboard HTTP/1.1" 200 408
[06/Jun/2019 00:45:52] "POST /%5Ekeyboard HTTP/1.1" 200 286
[06/Jun/2019 00:45:54] "POST /%5Ekeyboard HTTP/1.1" 200 197
[06/Jun/2019 00:45:55] "POST /%5Ekeyboard HTTP/1.1" 200 419
[06/Jun/2019 00:45:57] "POST /%5Ekeyboard HTTP/1.1" 200 209
[06/Jun/2019 00:45:58] "POST /%5Ekeyboard HTTP/1.1" 200 281
[06/Jun/2019 00:45:58] "POST /%5Ekeyboard HTTP/1.1" 200 214
[06/Jun/2019 00:46:00] "POST /%5Ekeyboard HTTP/1.1" 200 516
[06/Jun/2019 00:46:01] "POST /%5Ekeyboard HTTP/1.1" 200 166
[06/Jun/2019 00:46:03] "POST /%5Ekeyboard HTTP/1.1" 200 520
[06/Jun/2019 00:46:08] "POST /%5Ekeyboard HTTP/1.1" 200 208
[06/Jun/2019 00:46:10] "POST /%5Ekeyboard HTTP/1.1" 200 434
[06/Jun/2019 00:46:11] "POST /%5Ekeyboard HTTP/1.1" 200 296
[06/Jun/2019 00:46:11] "POST /%5Ekeyboard HTTP/1.1" 200 87
[06/Jun/2019 00:46:13] "POST /%5Ekeyboard HTTP/1.1" 200 173
[06/Jun/2019 00:46:13] "POST /%5Ekeyboard HTTP/1.1" 200 343
[06/Jun/2019 00:46:14] "POST /%5Ekeyboard HTTP/1.1" 200 202
[06/Jun/2019 00:46:14] "POST /%5Ekeyboard HTTP/1.1" 200 470
[06/Jun/2019 00:46:16] "POST /%5Ekeyboard HTTP/1.1" 200 324
[06/Jun/2019 00:46:16] "POST /%5Ekeyboard HTTP/1.1" 200 221
[06/Jun/2019 00:46:17] "POST /%5Ekeyboard HTTP/1.1" 200 100
[06/Jun/2019 00:46:19] "POST /%5Ekeyboard HTTP/1.1" 200 231
[06/Jun/2019 00:46:20] "POST /%5Ekeyboard HTTP/1.1" 200 281
[06/Jun/2019 00:46:21] "POST /%5Ekeyboard HTTP/1.1" 200 497
[06/Jun/2019 00:46:21] "POST /%5Ekeyboard HTTP/1.1" 200 287
[06/Jun/2019 00:46:22] "POST /%5Ekeyboard HTTP/1.1" 200 421
[06/Jun/2019 00:46:23] "POST /%5Ekeyboard HTTP/1.1" 200 382
[06/Jun/2019 00:46:24] "POST /%5Ekeyboard HTTP/1.1" 200 132
[06/Jun/2019 00:46:24] "POST /%5Ekeyboard HTTP/1.1" 200 497

설렁탕
keywords :  ['설렁탕']
방안에 들어서며 설렁탕을 한 구석에 놓을 사이도 없이 주정 군은 목청을 있는 대로 다 내 어 호통을 쳤어요.
ㄴ
keywords :  ['ㄴ']
친구는 한번 더 소리를 내 어 우 섰어요. 석재는 그 후로도 간혹 이날 밤에 주고받은 이 얘기가 생각되고ㄴ 하였어요.
ㄴ
keywords :  ['ㄴ']
제가 슬플 때 라 던가 기쁜 땐, 꼭 어린애처럼 순진 해지는 정히ㄴ 것을 누구보다도 잘 아는 형 예로서는, 정히 가 하는 노롯을 단지 자랑으로만 볼 수는 없어요.
ㄷ
keywords :  ['ㄷ']
박 칠성이 는 ㄷ 씨의 사촌을 마구 때리었었어요.
ㅁ
keywords :  ['ㅁ']
 어 ㅁ 마  어 ㅁ 마  히 히 애…….
이예원 바보
keywords :  ['이예원', '바보']
그들이 물러간 후에, 신작로는 적적하고 죽 뻗어 나가다가, 조 밭을 끼고 조금 굽어 진 저 앞이 뚜렷했어요.
그들이 물러간 후에, 신작로는 적적하고 죽 뻗어 나가다가, 조 밭을 끼고 조금 굽어 진 저 앞이 뚜렷했어요.
바보
keywords :  ['바보']
 에이 바보야, 천치야, 병신 아!
멍청이
keywords :  ['멍청이']
모든 일에는 돼지 같이 둔하고 욕심 많고 철 딱 서니 없고 소견 없는 멍청이면 서도 술 먹고 담배 피우는 데는 일당 백이었어요.
고쳐볼게요
keywords :  ['고쳐', '볼게요']
에이 추해, 망할 녀석의 영감쟁이 그것 좀 고쳐 달라고 그렇게 성화를 해도…….
병신
keywords :  ['병신']
과거를 보아서 영달을 꿈꾸기는커녕 일생을 이제 시골의 가난한 병신으로 지 내지 않을 수가 없으니, 이것은 도리어 죽음 만도 못 하 였어요.
병신
keywords :  ['병신']
보매 그 병신 눈은 깜박일 줄도 모르고 허공을 바라보고 있어요.
병신
keywords :  ['병신']
 에이 바보야, 천치야, 병신 아!
병신
keywords :  ['병신']
그게 살면 또 병신이나 되지 뭘 하겠니.
반가워요
keywords :  ['반가워요']
그래? 독립돼서 참 반가워요.
병신
keywords :  ['병신']
이상 ! 당신은 세상을 경영  할 줄 모르는 말하자면 병신이오.
병신
keywords :  ['병신']
 배 안의 병신이 우?
병신
keywords :  ['병신']
아내가 너무 병신 스레 떨므로 옆에 섰는 덕 순이 까지도 겸연쩍지 않을 수 없었어요.
ㅁ
keywords :  ['ㅁ']
 어 ㅁ 마  어 ㅁ 마  히 히 애…….
ㅁ
keywords :  ['ㅁ']
 어 ㅁ 마  어 ㅁ 마  히 히 애…….
ㄴ
keywords :  ['ㄴ']
제가 슬플 때 라 던가 기쁜 땐, 꼭 어린애처럼 순진 해지는 정히ㄴ 것을 누구보다도 잘 아는 형 예로서는, 정히 가 하는 노롯을 단지 자랑으로만 볼 수는 없어요.
ㅇ
keywords :  ['ㅇ']
 ㅇ ㅇ 전문학교 만세
ㄹ
keywords :  ['ㄹ']
 ㄹ 선생, 뭣이 어째 구 어 쨌다
ㅂ
keywords :  ['ㅂ']
기밀비의 대부분이 ㅂ 씨의 술값과 기생 외입 비에 충당된 것을 안 것은 그 후 이야기였지만 하여튼 막대한 돈이 뿌려 졌던 것이어요.
ㅈ
keywords :  ['ㅈ']
말은 않지만 이렇게 바라기는 ㅈ, ㅎ 두 학교의 모든 선생들의 공통된 감정이었어요.
ㄷ
keywords :  ['ㄷ']
박 칠성이 는 ㄷ 씨의 사촌을 마구 때리었었어요.
ㄱ
keywords :  ['ㄱ']
이까짓 남들 다 하는 ㄱ ㄴ 쯤의 학문으로, 남들도 지을 줄 아는 삼시 밥 먹을 때 오른손에 숟가락 잡을 줄 아는 것 쯤으로는 벌써 틀렸어요.
ㅅ
keywords :  ['ㅅ']
무엇보다도 차 ㅅ 표를 알어봐야 할 필요에 서였어요.
꽃이 참 예쁘다
keywords :  ['꽃', '이', '참', '예쁘다']
딸 정옥은 작은 용이 가 꺾어 준 아까시아 꽃을 해수 관음 앞에 놓고 합장하였어요.
ㅋ
keywords :  ['ㅋ']
같이 돈이 많은 사람이면 학식보다 얼굴을 취하였어요.
같이 돈이 많은 사람이면 학식보다 얼굴을 취하였어요.
ㅌ
keywords :  ['ㅌ']
미남자, 호남자, 풍채 좋은 남자  세상에서 보통 풍채 좋은 남자를 가리켜 부르는 명사가 꽤 많이 있지만 L 군은 아직껏 아까 본 그 사진의 주인과 같은 호남아를 본 일이 없었어요.
미남자, 호남자, 풍채 좋은 남자  세상에서 보통 풍채 좋은 남자를 가리켜 부르는 명사가 꽤 많이 있지만 L 군은 아직껏 아까 본 그 사진의 주인과 같은 호남아를 본 일이 없었어요.
ㅗ
keywords :  ['ㅗ']
갑자 년 십 일월 십 오일이 되었어요.
갑자 년 십 일월 십 오일이 되었어요.
시발
keywords :  ['시발']
오줌이 마려운가 가려운가 아니 저 인물이 왜 잠을 깨었 나. 참 신통한 일은 어쩌다가 저렇게 사  는지 사는 일이 신통한 일이라면 또 생각하여 보면 자는 것은 더 신통한 일이어요.
오줌이 마려운가 가려운가 아니 저 인물이 왜 잠을 깨었 나. 참 신통한 일은 어쩌다가 저렇게 사  는지 사는 일이 신통한 일이라면 또 생각하여 보면 자는 것은 더 신통한 일이어요.
병신
keywords :  ['병신']
영애는 톨스토이가 너무 병신스러운 데 골을 낸어요.
병신
keywords :  ['병신']
그러나 그는 주인의 아들을 원망하는 것보다도 자기가 병신인 것을 원망하였으며 주인의 아들을 저주한다는 것보다 이 세상을 저주하였어요.
병신
keywords :  ['병신']
 그놈의 원수의 자동차…… 그나마 얻어먹지도 못하게 이렇게 병신을 맨들어 놓고…….
a
keywords :  ['a']
LOVE PARRADE
b
keywords :  ['b']
오후에 야 주 개 골목에서 B를 만났어요.
병신
keywords :  ['병신']
남편을 잃은 뒤 그나마 저 병신 아들을 하늘같이 중히 의지해 살아가는 어머니의 마음을 엿볼 수가 있어요.
병신
keywords :  ['병신']
의사가 오면 째어서 병신을 만든다 하여 꺼렸어요.
q
keywords :  ['q']
그리고 결론으로는 나는 당신 때문에 Q 씨를 버렸으며, 인제 부터는 당신 하나만 사랑하고 귀히 여기겠노라고 하면서 예에 의지하여 키스의 벼락을 내렸어요.
w
keywords :  ['w']
알기뿐이랴, 연실 이도 한두 번 명 애 몰래 만 나 본 일이 있는 W 대학 문과 출신의 서울 사람이었어요.
설렁탕을 사 왔는데
keywords :  ['설렁탕', '을', '사', '왔는데']
김 첨지는 취중에도 설렁탕을 사 가지고 집에 다달았어요.
dj
keywords :  ['dj']
 저어……
 저어……
k
keywords :  ['k']
귓결에 이 말을 들은 K 선생은 아차 내가 또 감정적 행동을 했나
l
keywords :  ['l']
이 덕에 그렇지 않아도 미남자의 소문이 높은 L 군의 풍채는 나날이 더 좋아졌어요.
설렁탕을 사 왔는데
keywords :  ['설렁탕', '을', '사', '왔는데']
허기진 놈 보고 설렁탕을 사 달라는 게 옳겠지 자기보고 돈을 내 랄 쪄 엔 요놈은 거지 중에서 제일 액수 사낚 운 놈일 게어요. 그는 들은 척 않고 그대로 늠름 히 걸밌어요.
l
keywords :  ['l']
하고 보여 드렸기에 L 씨가 그 뒤에 얼마나 더 좋아 지냈는지 스스로도 아시겠구먼요.
갓
keywords :  ['갓']
그러나 대갓집 교양 높은 젊은이로서의 양심은 아직 아주 망하지 않은 그는, 이 약을 쓰기 때문에 자기의 장래가 어떻게 될지 뻔히 안어요.
갓
keywords :  ['갓']
글쎄 이 사람 아, 지금 말하자면 갓 피는 꽃봉오리 같은 젊은 딸을 오십이나 넘은 늙은 사람에게 다 주다니, 안 돼. 안 될 일야
KJ
keywords :  ['KJ']
그만 채찍을 던졌어요.
그만 채찍을 던졌어요.
설렁탕을 사 왔는데
keywords :  ['설렁탕', '을', '사', '왔는데']
허기진 놈 보고 설렁탕을 사 달라는 게 옳겠지 자기보고 돈을 내 랄 쪄 엔 요놈은 거지 중에서 제일 액수 사낚 운 놈일 게어요. 그는 들은 척 않고 그대로 늠름 히 걸밌어요.
설렁탕을 사 왔는데
keywords :  ['설렁탕', '을', '사', '왔는데']
 설렁탕을 사다 놓았는데 왜 먹지를 못하니, 왜 먹지를 못하니... 괴상하게도 오늘은! 운수가 좋더니만... [06/Jun/2019 00:46:25] "POST /%5Ekeyboard HTTP/1.1" 200 331
[06/Jun/2019 00:46:26] "POST /%5Ekeyboard HTTP/1.1" 200 500
[06/Jun/2019 00:46:26] "POST /%5Ekeyboard HTTP/1.1" 200 265
[06/Jun/2019 00:46:28] "POST /%5Ekeyboard HTTP/1.1" 200 305
[06/Jun/2019 00:46:29] "POST /%5Ekeyboard HTTP/1.1" 200 288
[06/Jun/2019 00:46:29] "POST /%5Ekeyboard HTTP/1.1" 200 223
[06/Jun/2019 00:46:30] "POST /%5Ekeyboard HTTP/1.1" 200 82
[06/Jun/2019 00:46:32] "POST /%5Ekeyboard HTTP/1.1" 200 240
[06/Jun/2019 00:46:32] "POST /%5Ekeyboard HTTP/1.1" 200 376
[06/Jun/2019 00:46:35] "POST /%5Ekeyboard HTTP/1.1" 200 145
[06/Jun/2019 00:46:35] "POST /%5Ekeyboard HTTP/1.1" 200 265
[06/Jun/2019 00:46:38] "POST /%5Ekeyboard HTTP/1.1" 200 101
[06/Jun/2019 00:46:43] "POST /%5Ekeyboard HTTP/1.1" 200 265
[06/Jun/2019 00:46:44] "POST /%5Ekeyboard HTTP/1.1" 200 121
[06/Jun/2019 00:47:19] "POST /%5Ekeyboard HTTP/1.1" 200 345
[06/Jun/2019 00:47:26] "POST /%5Ekeyboard HTTP/1.1" 200 285
[06/Jun/2019 00:47:27] "POST /%5Ekeyboard HTTP/1.1" 200 420
[06/Jun/2019 00:47:29] "POST /%5Ekeyboard HTTP/1.1" 200 240
[06/Jun/2019 00:47:38] "POST /%5Ekeyboard HTTP/1.1" 200 331
[06/Jun/2019 00:47:44] "POST /%5Ekeyboard HTTP/1.1" 200 420
[06/Jun/2019 00:47:49] "POST /%5Ekeyboard HTTP/1.1" 200 497
[06/Jun/2019 00:49:26] "POST /%5Ekeyboard HTTP/1.1" 200 186
[06/Jun/2019 00:49:33] "POST /%5Ekeyboard HTTP/1.1" 200 171
[06/Jun/2019 00:49:34] "POST /%5Ekeyboard HTTP/1.1" 200 210
[06/Jun/2019 00:49:35] "POST /%5Ekeyboard HTTP/1.1" 200 254
[06/Jun/2019 00:49:36] "POST /%5Ekeyboard HTTP/1.1" 200 304
[06/Jun/2019 00:49:37] "POST /%5Ekeyboard HTTP/1.1" 200 171
[06/Jun/2019 00:49:38] "POST /%5Ekeyboard HTTP/1.1" 200 371
[06/Jun/2019 00:49:38] "POST /%5Ekeyboard HTTP/1.1" 200 179
[06/Jun/2019 00:49:39] "POST /%5Ekeyboard HTTP/1.1" 200 302
[06/Jun/2019 00:49:39] "POST /%5Ekeyboard HTTP/1.1" 200 223
[06/Jun/2019 00:49:42] "POST /%5Ekeyboard HTTP/1.1" 200 376
[06/Jun/2019 00:49:43] "POST /%5Ekeyboard HTTP/1.1" 200 138
[06/Jun/2019 00:49:46] "POST /%5Ekeyboard HTTP/1.1" 200 313
[06/Jun/2019 00:49:48] "POST /%5Ekeyboard HTTP/1.1" 200 438
[06/Jun/2019 00:49:49] "POST /%5Ekeyboard HTTP/1.1" 200 138
[06/Jun/2019 00:49:50] "POST /%5Ekeyboard HTTP/1.1" 200 138
[06/Jun/2019 00:49:51] "POST /%5Ekeyboard HTTP/1.1" 200 138
[06/Jun/2019 00:49:53] "POST /%5Ekeyboard HTTP/1.1" 200 138
[06/Jun/2019 00:50:13] "POST /%5Ekeyboard HTTP/1.1" 200 437
[06/Jun/2019 00:50:18] "POST /%5Ekeyboard HTTP/1.1" 200 419
[06/Jun/2019 00:50:21] "POST /%5Ekeyboard HTTP/1.1" 200 362
[06/Jun/2019 00:51:00] "POST /%5Ekeyboard HTTP/1.1" 200 119
[06/Jun/2019 00:51:01] "POST /%5Ekeyboard HTTP/1.1" 200 348
[06/Jun/2019 00:51:02] "POST /%5Ekeyboard HTTP/1.1" 200 247
[06/Jun/2019 00:51:03] "POST /%5Ekeyboard HTTP/1.1" 200 138
[06/Jun/2019 00:51:05] "POST /%5Ekeyboard HTTP/1.1" 200 362

갇
keywords :  ['갇']
 모년 모월 모일에 공께 서는 형부  를 맡으시게 될 터인데 그 때 제아들놈이 죄를 지어 옥에 갇히고 죽음을 당할 것이니 부디 공은 오늘의 이일을 생각하시고 살려 주소서.
AS
keywords :  ['AS']
전제자의 얼굴에 이전에 아직 보지 못한 기쁨과 만족과 감사가 떠올랐어요.
전제자의 얼굴에 이전에 아직 보지 못한 기쁨과 만족과 감사가 떠올랐어요.
a
keywords :  ['a']
남은 어처구니가 없는지 멍하니 그를 쳐 다만 보고 있더니, 상대란 도 아니요  A , 유도 아닐세.
d
keywords :  ['d']
이전 D를 떠날 때에는 잠깐 볼일이 있어 어느 곳에 다니러 가는 듯한 느낌이 있었어요.
오우야
keywords :  ['오우야']
그러나 왕 보는 그 말에는 입을 굳게 닫고 대답치 않았어요.
그러나 왕 보는 그 말에는 입을 굳게 닫고 대답치 않았어요.
sd
keywords :  ['sd']
또,
또,
fd
keywords :  ['fd']
아무 까닭 없이 그런 편지를 받은 학생이야말로 큰 재변이었어요.
아무 까닭 없이 그런 편지를 받은 학생이야말로 큰 재변이었어요.
히키코모리
keywords :  ['히키코모리']
진실로 용서할 수 없는 불륜의 죄를 범 한 것 같이 생각되어 그리로만 마음이 쏠려서 학과에는 정신을 둘 수가 없었어요.
진실로 용서할 수 없는 불륜의 죄를 범 한 것 같이 생각되어 그리로만 마음이 쏠려서 학과에는 정신을 둘 수가 없었어요.
+
keywords :  ['+']
바깥도 죽은 듯이 고요해요.
바깥도 죽은 듯이 고요해요.
w
keywords :  ['w']
연이 는 N 빌딩에서 나오기 전에 WC라는 데를 잠깐 들르지 않으면 안 되었어요.
()
keywords :  ['()']
거 뭐라지?
거 뭐라지?
WC
keywords :  ['WC']
연이 는 N 빌딩에서 나오기 전에 WC라는 데를 잠깐 들르지 않으면 안 되었어요.
http://dn-m.talk.kakao.com/talkm/bl3dWXTy1xy/MaUJK2wUMjS89Ltq2cx0H1/i_ai7z4kl8r2nj1.jpeg
keywords :  ['http://dn-m.talk.kakao.com/talkm/bl3dWXTy1xy/MaUJK2wUMjS89Ltq2cx0H1/i_ai7z4kl8r2nj1.jpeg']
L 군도 돌아왔어요.
L 군도 돌아왔어요.
설렁탕
keywords :  ['설렁탕']
방안에 들어서며 설렁탕을 한 구석에 놓을 사이도 없이 주정 군은 목청을 있는 대로 다 내 어 호통을 쳤어요.
hello
keywords :  ['hello']
그 털투성이에 비기자면 나는 일 년을 면도를 안해도 천만 배나 우승한 미남자예요.
그 털투성이에 비기자면 나는 일 년을 면도를 안해도 천만 배나 우승한 미남자예요.
설렁탕 사
keywords :  ['설렁탕', '사']
 이런 오라질 년! 조밥도 못 먹는 년이 설렁탕은, 또 처먹고 지랄병을 하게. 라고, 야단을 쳐 보았건만, 못 사주는 마음이 시원치는 않았어요.
hello
keywords :  ['hello']
이 사나이를 다시 만난다는 것은 아무리 생각해도 공상 같았어요.
이 사나이를 다시 만난다는 것은 아무리 생각해도 공상 같았어요.
설렁탕 사와
keywords :  ['설렁탕', '사와']
 설렁탕을 사다 놓았는데 왜 먹지를 못하니, 왜 먹지를 못하니... 괴상하게도 오늘은! 운수가 좋더니만... 
설렁탕 사와
keywords :  ['설렁탕', '사와']
 이런 오라질 년! 조밥도 못 먹는 년이 설렁탕은, 또 처먹고 지랄병을 하게. 라고, 야단을 쳐 보았건만, 못 사주는 마음이 시원치는 않았어요.
설렁탕 사와
keywords :  ['설렁탕', '사와']
허기진 놈 보고 설렁탕을 사 달라는 게 옳겠지 자기보고 돈을 내 랄 쪄 엔 요놈은 거지 중에서 제일 액수 사낚 운 놈일 게어요. 그는 들은 척 않고 그대로 늠름 히 걸밌어요.
헤이
keywords :  ['헤이']
… 넌 덴 노우 헤이 까 보다도 더 훌융허어요.
Yo
keywords :  ['Yo']
오늘밤 술값은 내 혼자 전부 물겠다고.
오늘밤 술값은 내 혼자 전부 물겠다고.
얄리얄리 얄랑셩
keywords :  ['얄', '리얄', '리', '얄랑셩']
그러나 더 얄미운 것은 이걸 데리고 온 그 딸이었어요.
Yo
keywords :  ['Yo']
내 가슴에 받치어 그대로 엉엉 마음 풀릴 때까지 울지도 못할 것이어요.
내 가슴에 받치어 그대로 엉엉 마음 풀릴 때까지 울지도 못할 것이어요.
Yo
keywords :  ['Yo']
 하며 주고받고 할 때에 마침 대문 소리가 나자 우리 시어머니되는 마님이 들어오시는구려.
 하며 주고받고 할 때에 마침 대문 소리가 나자 우리 시어머니되는 마님이 들어오시는구려.
Yo
keywords :  ['Yo']
하구 윤 수도 모자를 들고 일어선어요.
하구 윤 수도 모자를 들고 일어선어요.
얄랑셩
keywords :  ['얄랑셩']
지금쯤 분주히 관 평을 하고 있을 남편에게 비해서 이렇게 오두 마니 누어 천장 갈비만 헤이고 어제 ㅅ 밤 일을 되 푸리
지금쯤 분주히 관 평을 하고 있을 남편에게 비해서 이렇게 오두 마니 누어 천장 갈비만 헤이고 어제 ㅅ 밤 일을 되 푸리
Yo
keywords :  ['Yo']
남의 세 토를 소작 아니 할 수는 없었어요.
남의 세 토를 소작 아니 할 수는 없었어요.
ㅅ
keywords :  ['ㅅ']
혼자 [ 일이 삼] 철공장을 향하고 거르려 니, 또 뭐가 마음 한 귀 ㅅ 퉁 에서 튀각 태 각을 해요.
Yo
keywords :  ['Yo']
그렇듯 사랑하고 그렇듯 귀히 여기 던 조선의  내가 반역자?
그렇듯 사랑하고 그렇듯 귀히 여기 던 조선의  내가 반역자?
[
keywords :  ['[']
 음, 불원 천리하고 애처를 그리워 오는 남편의 마음은 가 긍히 [19] 여긴다마는 너의 계집은 이미 전날의 네 계집이 아니다.
Ah
keywords :  ['Ah']
아 하그 러면 SSrkdlrlsah 양이다
Ag
keywords :  ['Ag']
그리고 투사  가 모자 gage 를 던진 그 찰나와 같이 아무 세력도 그의 의지를 움직일 수는 없었어요.
[1]
keywords :  ['[', '1', ']']
이때에 대행왕의 이복 여동생이요 먼 젔번 왕위 쟁탈전에서의 실패자인 공주 제 [ 일] 태 후 소생 가 스스로 자기의 몸을 위 홍에게 내 어 던졌어요.
Ah
keywords :  ['Ah']
아 하그 러면 SSrkdlrlsah 양이다
Ah
keywords :  ['Ah']
아 하그 러면 SSrkdlrlsah 양이다
Ah
keywords :  ['Ah']
아 하그 러면 SSrkdlrlsah 양이다
Ah
keywords :  ['Ah']
아 하그 러면 SSrkdlrlsah 양이다
난 보라색이 좋아
keywords :  ['난', '보라색', '이', '좋아']
그래서 본 대로 몇 번 장난 비슷이 지어 보다가 어떤 아는 남자 편지 화답 끝에 써 보낸 것이 동기로 그는 일약 여류 문사가 되어 버리고 말았어요.
보라색
keywords :  ['보라색']
이 말 저 말 할 것 없이, 네 생에 가운데 그중 양심에 유 쾌한 던 일이 제 5, 제 6, 제 9의 계명을 범한 것이니깐, 다른 것은 미루어 알 수가 있어요.
이 말 저 말 할 것 없이, 네 생에 가운데 그중 양심에 유 쾌한 던 일이 제 5, 제 6, 제 9의 계명을 범한 것이니깐, 다른 것은 미루어 알 수가 있어요.
보라색
keywords :  ['보라색']
준 식이의 아내는 속이 상해서 인지 아랫목에 자리를 쓰고 누워 있다가 일이 가 들어오는 바람에 벌떡 일어났어요.
준 식이의 아내는 속이 상해서 인지 아랫목에 자리를 쓰고 누워 있다가 일이 가 들어오는 바람에 벌떡 일어났어요.
Ö
keywords :  ['Ö']
대문은 열렸어요.
대문은 열렸어요.
0
keywords :  ['0']
그려. 오후 5시에 보조 연습으로  예배당으로 동부인하기로 약속을 해 두었으니깐 4시 40분 쯤 신부 댁까지 갔네
Ô
keywords :  ['Ô']
나는 그런  쓰레기 나  우거지 같은 테 잎을 내 종생기 처 처  에다 가련
나는 그런  쓰레기 나  우거지 같은 테 잎을 내 종생기 처 처  에다 가련
9
keywords :  ['9']
작년 1945 년 초가을 이었소.
8
keywords :  ['8']
8월 보름에서 9월로 10월로, 11월로 엄동은 목전에 임박했는데, 주택 문제는 해결되지 않고…… 과연 딱하고 급하였소.
7
keywords :  ['7']
 다음 장도막 [17 ]에는 벌써 온 집안이 사라진 뒤였네.[06/Jun/2019 00:51:07] "POST /%5Ekeyboard HTTP/1.1" 200 203
[06/Jun/2019 00:51:08] "POST /%5Ekeyboard HTTP/1.1" 200 107
[06/Jun/2019 00:51:09] "POST /%5Ekeyboard HTTP/1.1" 200 367
[06/Jun/2019 00:51:10] "POST /%5Ekeyboard HTTP/1.1" 200 366
[06/Jun/2019 00:51:10] "POST /%5Ekeyboard HTTP/1.1" 200 488
[06/Jun/2019 00:51:11] "POST /%5Ekeyboard HTTP/1.1" 200 257
[06/Jun/2019 00:51:11] "POST /%5Ekeyboard HTTP/1.1" 200 188
[06/Jun/2019 00:51:12] "POST /%5Ekeyboard HTTP/1.1" 200 255
[06/Jun/2019 00:51:13] "POST /%5Ekeyboard HTTP/1.1" 200 338
[06/Jun/2019 00:51:15] "POST /%5Ekeyboard HTTP/1.1" 200 246
[06/Jun/2019 00:51:21] "POST /%5Ekeyboard HTTP/1.1" 200 221
[06/Jun/2019 00:51:24] "POST /%5Ekeyboard HTTP/1.1" 200 287
[06/Jun/2019 00:51:27] "POST /%5Ekeyboard HTTP/1.1" 200 338
[06/Jun/2019 00:51:30] "POST /%5Ekeyboard HTTP/1.1" 200 463
[06/Jun/2019 00:51:31] "POST /%5Ekeyboard HTTP/1.1" 200 194
[06/Jun/2019 00:51:32] "POST /%5Ekeyboard HTTP/1.1" 200 203
[06/Jun/2019 00:51:32] "POST /%5Ekeyboard HTTP/1.1" 200 97
[06/Jun/2019 00:51:36] "POST /%5Ekeyboard HTTP/1.1" 200 451
[06/Jun/2019 00:51:36] "POST /%5Ekeyboard HTTP/1.1" 200 392
[06/Jun/2019 00:51:38] "POST /%5Ekeyboard HTTP/1.1" 200 160
[06/Jun/2019 00:51:41] "POST /%5Ekeyboard HTTP/1.1" 200 206
[06/Jun/2019 00:51:43] "POST /%5Ekeyboard HTTP/1.1" 200 221
[06/Jun/2019 00:51:47] "POST /%5Ekeyboard HTTP/1.1" 200 371
[06/Jun/2019 00:51:53] "POST /%5Ekeyboard HTTP/1.1" 200 138
[06/Jun/2019 00:51:55] "POST /%5Ekeyboard HTTP/1.1" 200 117
[06/Jun/2019 00:51:56] "POST /%5Ekeyboard HTTP/1.1" 200 134
[06/Jun/2019 00:51:59] "POST /%5Ekeyboard HTTP/1.1" 200 144
[06/Jun/2019 00:52:01] "POST /%5Ekeyboard HTTP/1.1" 200 217
[06/Jun/2019 00:52:08] "POST /%5Ekeyboard HTTP/1.1" 200 304
[06/Jun/2019 00:52:38] "POST /%5Ekeyboard HTTP/1.1" 200 225
[06/Jun/2019 00:52:42] "POST /%5Ekeyboard HTTP/1.1" 200 519
[06/Jun/2019 00:52:52] "POST /%5Ekeyboard HTTP/1.1" 200 376
[06/Jun/2019 00:52:57] "POST /%5Ekeyboard HTTP/1.1" 200 265
[06/Jun/2019 00:52:59] "POST /%5Ekeyboard HTTP/1.1" 200 532
[06/Jun/2019 00:53:06] "POST /%5Ekeyboard HTTP/1.1" 200 107
[06/Jun/2019 00:53:11] "POST /%5Ekeyboard HTTP/1.1" 200 126
[06/Jun/2019 00:53:13] "POST /%5Ekeyboard HTTP/1.1" 200 348
[06/Jun/2019 00:53:15] "POST /%5Ekeyboard HTTP/1.1" 200 237
[06/Jun/2019 00:53:18] "POST /%5Ekeyboard HTTP/1.1" 200 186
[06/Jun/2019 00:53:21] "POST /%5Ekeyboard HTTP/1.1" 200 384
[06/Jun/2019 00:53:22] "POST /%5Ekeyboard HTTP/1.1" 200 331
[06/Jun/2019 00:53:24] "POST /%5Ekeyboard HTTP/1.1" 200 333
[06/Jun/2019 00:53:27] "POST /%5Ekeyboard HTTP/1.1" 200 165
[06/Jun/2019 00:53:31] "POST /%5Ekeyboard HTTP/1.1" 200 191
[06/Jun/2019 00:53:34] "POST /%5Ekeyboard HTTP/1.1" 200 278
[06/Jun/2019 00:53:35] "POST /%5Ekeyboard HTTP/1.1" 200 95
[06/Jun/2019 00:53:37] "POST /%5Ekeyboard HTTP/1.1" 200 494

@
keywords :  ['@']
웬 자식이냐.
웬 자식이냐.
6
keywords :  ['6']
더구나 결혼식이 오후 6시라고  예배당으로 결혼식 구경을 갔던 남녀노소들이 껌껌한 집만 보고는 그 연유를 캐자고
5
keywords :  ['5']
한 해 여름을 잘 벌면 매일 1원 50 전의 숙박료며 잡비를 쓰고도 가을에는 돈 100원이나 차고 가는 수단 가도 적지 않어요.
4
keywords :  ['4']
1945년 8월 보름날 정오에, 일본 천황 유인  이 울음 섞인 소리로 온 일본인에게 부득이 항복한다는 포 고를 할 때에, 라디오 앞에 이배도 울면서 그 방송을 듣고 있었어요.
3
keywords :  ['3']
 이렇게 30년이나 살던 집을 팔기로 ㄷ 씨 부처는 결정을 보았던 것이어요.
2
keywords :  ['2']
혹 2, 3일을 연해서 못 볼 때에는 병이 들었는가
1
keywords :  ['1']
이튿날 저녁 서울로 돌아올 때에 그는 전송으로 10리나 따라 나왔습니다.
[1]
keywords :  ['[', '1', ']']
본시 이 경문왕  은 희강왕  의 증손자로서 화랑  으로 있었으며 그때의 응 겸   [ 혹왈] [ 웅 소] 이라 하였어요.
[1
keywords :  ['[', '1']
그리하여 그는 허위 단심 [18 ]으로 이 금주 산성에 다달은 것이었어요.
[18 ]
keywords :  ['[', '18', ']']
[ 오후] [ 사시] [ 차] [ 시간] [ 외 ]에는 [ 절대] 로 [ 간식 ]이 업어요.
[]
keywords :  ['[]']
그러니 인제는 속 좀 채리고 장가를 들여 달라구 떼를 쓰고 나자빠져 라, 이것이어요.
그러니 인제는 속 좀 채리고 장가를 들여 달라구 떼를 쓰고 나자빠져 라, 이것이어요.
[18 ]
keywords :  ['[', '18', ']']
어느 나라든지 [ 중류], [ 상류] 의 점잔은 집안은 [ 주인] [ 남자] 가 [ 내정 ]에 [ 간섭] 치 안는 거 슨 [ 상례] 이어요.
[18 ]
keywords :  ['[', '18', ']']
바야흐로 하늘을 찌를 듯한 고구려의 세력이 한토  의 낙랑  까지도 집어 삼켜서 어제까지 도 낙랑의 서울이 던 땅이 오늘의 고구려의 [ 일] 읍으로 되었어요.
Œ
keywords :  ['Œ']
나머지 시간은 집주인한테 볶이는 판이었어요.
나머지 시간은 집주인한테 볶이는 판이었어요.
" or ""="
keywords :  ['"', 'or', '""="']
그래도 차차 철이 나면 자연히 의사가 나나 보아요.
그래도 차차 철이 나면 자연히 의사가 나나 보아요.
[18 ]
keywords :  ['[', '18', ']']
꾸간즈[ ]!
아리가또
keywords :  ['아리', '가', '또']
발은 벗었으나 살빛은 검 노른데 바짓가랑이 밑으로 보일 둥 말 둥 하는 종아리는 계란 빛 같이 매끈하고, 행주 치마를 반허리에 감았으니 내다보느냐
" or ""="
keywords :  ['"', 'or', '""="']
병졸이 가져온 머리를 보기는 보았지만, 지금 이 백발이 성성한 머리를 30여 년 전 덕유산 암자의 처 사라 알아볼 수가 없었어요.
병졸이 가져온 머리를 보기는 보았지만, 지금 이 백발이 성성한 머리를 30여 년 전 덕유산 암자의 처 사라 알아볼 수가 없었어요.
Wwé
keywords :  ['Ww', 'é']
그 웃음이 또 여간 어 색지 않어요.
그 웃음이 또 여간 어 색지 않어요.
È
keywords :  ['È']
왜 오늘 일을 내일로 미루어. 할 말이 있거든 지금 해!
왜 오늘 일을 내일로 미루어. 할 말이 있거든 지금 해!
É
keywords :  ['É']
모두 엉뚱한 곳만 가리키며 서로 다투고 있는 것이었어요.
모두 엉뚱한 곳만 가리키며 서로 다투고 있는 것이었어요.
Ê
keywords :  ['Ê']
아까 그가 신랑을 맞아들여 갈 때에 중인은 양인을 비교하고 혜수와 난 수의 행불행을 생각 지 아 니 한 자가 없었어요.
아까 그가 신랑을 맞아들여 갈 때에 중인은 양인을 비교하고 혜수와 난 수의 행불행을 생각 지 아 니 한 자가 없었어요.
처얼썩
keywords :  ['처얼썩']
하가는 꿈인가 하였어요.
하가는 꿈인가 하였어요.
¥
keywords :  ['¥']
NOVA에 가십시어요.
NOVA에 가십시어요.
처얼썩
keywords :  ['처얼썩']
하고 껏 듯 인사를 해요.
하고 껏 듯 인사를 해요.
€
keywords :  ['€']
 글쎄…… 부인이겠지……?
 글쎄…… 부인이겠지……?
철썩
keywords :  ['철썩']
이 말을 듣는 순간, 송 서방은 가슴이 철썩 내려앉았어요.
₽
keywords :  ['₽']
이것은 모두 정희의 참 마음에서 나온 말이지 결코 일시적 반항에서 나온 말이 아니었어요.
이것은 모두 정희의 참 마음에서 나온 말이지 결코 일시적 반항에서 나온 말이 아니었어요.
메밀꽃
keywords :  ['메밀', '꽃']
방울소리가 시원스럽게 딸랑딸랑 메밀 밭께로 흘러간어요.
딸
keywords :  ['딸']
그래도 상당한 집안이면 그까짓 이가 에게 딸 줄 리 없고 너무 얕은 곳에는 이 편에서 싫고, 내가 장담하고 말한 이상 제어 미 보기라도 버젓하게 장가를 들여 주어야 하지 않겠소.
불륜
keywords :  ['불륜']
진실로 용서할 수 없는 불륜의 죄를 범 한 것 같이 생각되어 그리로만 마음이 쏠려서 학과에는 정신을 둘 수가 없었어요.
형벌
keywords :  ['형벌']
호령의 틈틈이 모 줏집 늙은이에게 오늘 지금 형벌하는 까닭을 알리었어요.
자살
keywords :  ['자살']
사랑을 원하여도 얻지 못하고 자유를 원하여도 얻지 못하고 이별을 청하여도 안 들어 의심 받고 학대 받고 갇혀 비관하던 나머지에 병든 몸을 일으켜 평양의 별장에서 자살하였어요.
죄송
keywords :  ['죄송']
 죄송합니다.
죄송
keywords :  ['죄송']
 대단히 죄송합니다.
죄송
keywords :  ['죄송']
하며 어머니의 얼굴이 좋지 않아 지면 나는 말할 수 없는 미안스러움과 죄송스러운 감정에 북받치고 만어요.
죄송
keywords :  ['죄송']
생각하니 죄송하고 민망하여 약사발을 놓고 목소리를 가다듬어
죄송합니다
keywords :  ['죄송합니다']
 참 간다 간다 하고 못 가 뵈어서 죄송합니다.
죄송합니다
keywords :  ['죄송합니다']
 천한 몸에 관계되는 말 삼으로 상공의 정신을 어지럽게 해 드려 죄송합니다마는 그 같이 친 근 히 물어 주시니 말 삼하지요.
나무가 푸르르다
keywords :  ['나무', '가', '푸르르', '다']
산골짜기에서 나무를 베 던 초부며 밭을 갈던 농군도 호미와 낫을 버리고 에 뛰어드는  이가 많았어요.
여름장이란 애시당초에 글러서, 해는 아직 중천에 있건만 장판은 벌써 쓸쓸하고 더운 햇발이 벌여놓은 전 휘장 밑으로 등줄기를 훅훅 볶는다.
keywords :  ['여름', '장', '이란', '애시', '당초', '에', '글러', '서', ',', '해', '는', '아직', '중천', '에', '있건만', '장판', '은', '벌써', '쓸쓸하고', '더운', '햇발', '이', '벌여놓은', '전', '휘장', '밑', '으로', '등줄기', '를', '훅훅', '볶는다', '.']
봄이 지나고 농후한 여름을 기다릴 때에 우리 앞에 겨울이 나타나면, 우리는 저 퍼 하지 않을 수 없어요.
ㅗㅜㅏ
keywords :  ['ㅗㅜㅏ']
순이 는 맞아도 아픈 줄을 몰랐어요.
순이 는 맞아도 아픈 줄을 몰랐어요.
scsc
keywords :  ['scsc']
무명 필과 주단 바리가 두 고리짝에 꼭 찼어요.
무명 필과 주단 바리가 두 고리짝에 꼭 찼어요.
푸른 나무
keywords :  ['푸른', '나무']
이러한 검푸른 하늘빛이 동편 하늘에서부터 차차 익은 수박 속같이 붉어 온어요.
Wow
keywords :  ['Wow']
 안돼요.
 안돼요.
Wow
keywords :  ['Wow']
그리고 얼굴이 핼쑥하여 마주 대고 쳐다보더니, 그래, 자네 왜 그케 노하나. 지내다 보니깐 그렇길래 일테면 자네보고 얘 기지 뭐. 하고 뒷갈망을 못 하여 우물쭈물 해요.
그리고 얼굴이 핼쑥하여 마주 대고 쳐다보더니, 그래, 자네 왜 그케 노하나. 지내다 보니깐 그렇길래 일테면 자네보고 얘 기지 뭐. 하고 뒷갈망을 못 하여 우물쭈물 해요.
Wow
keywords :  ['Wow']
이렇게 말하여 끝까지 듣지는 않았지만, 마지막 병상에서 정신이 혼미 하신 이때 까지도 그냥 꾸준히 사십이 거의 된 이 아들을 걱정하시는 어머님의 마음에 울지 않을 수가 없었어요.[06/Jun/2019 00:53:40] "POST /%5Ekeyboard HTTP/1.1" 200 534
[06/Jun/2019 00:53:42] "POST /%5Ekeyboard HTTP/1.1" 200 349
[06/Jun/2019 00:53:57] "POST /%5Ekeyboard HTTP/1.1" 200 522
[06/Jun/2019 00:54:03] "POST /%5Ekeyboard HTTP/1.1" 200 209
[06/Jun/2019 00:54:14] "POST /%5Ekeyboard HTTP/1.1" 200 376
[06/Jun/2019 00:54:22] "POST /%5Ekeyboard HTTP/1.1" 200 387
[06/Jun/2019 00:54:26] "POST /%5Ekeyboard HTTP/1.1" 200 157
[06/Jun/2019 00:54:30] "POST /%5Ekeyboard HTTP/1.1" 200 387
[06/Jun/2019 00:54:33] "POST /%5Ekeyboard HTTP/1.1" 200 387
[06/Jun/2019 00:54:35] "POST /%5Ekeyboard HTTP/1.1" 200 157
[06/Jun/2019 00:54:42] "POST /%5Ekeyboard HTTP/1.1" 200 207
[06/Jun/2019 00:54:44] "POST /%5Ekeyboard HTTP/1.1" 200 260
[06/Jun/2019 00:54:53] "POST /%5Ekeyboard HTTP/1.1" 200 151
[06/Jun/2019 00:55:08] "POST /%5Ekeyboard HTTP/1.1" 200 335
[06/Jun/2019 00:55:17] "POST /%5Ekeyboard HTTP/1.1" 200 420
[06/Jun/2019 00:55:22] "POST /%5Ekeyboard HTTP/1.1" 200 279
[06/Jun/2019 00:55:36] "POST /%5Ekeyboard HTTP/1.1" 200 279
[06/Jun/2019 00:55:44] "POST /%5Ekeyboard HTTP/1.1" 200 254
[06/Jun/2019 00:55:50] "POST /%5Ekeyboard HTTP/1.1" 200 157
[06/Jun/2019 00:55:56] "POST /%5Ekeyboard HTTP/1.1" 200 229
[06/Jun/2019 00:56:28] "POST /%5Ekeyboard HTTP/1.1" 200 466
[06/Jun/2019 00:58:45] "POST /%5Ekeyboard HTTP/1.1" 200 210
[06/Jun/2019 00:58:49] "POST /%5Ekeyboard HTTP/1.1" 200 313
[06/Jun/2019 00:59:35] "POST /%5Ekeyboard HTTP/1.1" 200 152
[06/Jun/2019 01:02:18] "POST /%5Ekeyboard HTTP/1.1" 200 305
[06/Jun/2019 01:02:25] "POST /%5Ekeyboard HTTP/1.1" 200 233
[06/Jun/2019 01:02:32] "POST /%5Ekeyboard HTTP/1.1" 200 252
[06/Jun/2019 01:03:48] "POST /%5Ekeyboard HTTP/1.1" 200 201
[06/Jun/2019 01:03:50] "POST /%5Ekeyboard HTTP/1.1" 200 487
[06/Jun/2019 01:04:00] "POST /%5Ekeyboard HTTP/1.1" 200 249
[06/Jun/2019 01:05:37] "POST /%5Ekeyboard HTTP/1.1" 200 206
[06/Jun/2019 01:05:41] "POST /%5Ekeyboard HTTP/1.1" 200 164
[06/Jun/2019 01:05:45] "POST /%5Ekeyboard HTTP/1.1" 200 319
[06/Jun/2019 01:05:48] "POST /%5Ekeyboard HTTP/1.1" 200 163
[06/Jun/2019 01:05:54] "POST /%5Ekeyboard HTTP/1.1" 200 508
[06/Jun/2019 01:06:08] "POST /%5Ekeyboard HTTP/1.1" 200 182
[06/Jun/2019 01:06:19] "POST /%5Ekeyboard HTTP/1.1" 200 169
[06/Jun/2019 01:06:20] "POST /%5Ekeyboard HTTP/1.1" 200 228
[06/Jun/2019 01:06:25] "POST /%5Ekeyboard HTTP/1.1" 200 228
[06/Jun/2019 01:06:26] "POST /%5Ekeyboard HTTP/1.1" 200 473

이렇게 말하여 끝까지 듣지는 않았지만, 마지막 병상에서 정신이 혼미 하신 이때 까지도 그냥 꾸준히 사십이 거의 된 이 아들을 걱정하시는 어머님의 마음에 울지 않을 수가 없었어요.
[1 ]
keywords :  ['[', '1', ']']
오랫동안 아 둑 시니 [26] 같이 눈이 어둡던 허 생원도 요번만은 동이의 왼손잡이가 눈에 띄지 않을 수 없었어요.
아름다운 노을
keywords :  ['아름다운', '노을']
머리를 수그리고 외로이 있는 자기 아버지에게로 돌아간 아름다운 새 한 마리. 역시 머리를 수그리고 이를 맞아들인 늙은 명문, 이 두 배우의 장래의 연출하려는 비극은 어떠할까.
아름다운
keywords :  ['아름다운']
의미 있고 아름다운 인생의 꽃을 피워야 될 것이어요.
인생이란 무엇일까
keywords :  ['인생', '이란', '무엇', '일까']
그러나 인생이란 원래 무상  한 것이었던지 이 간곡한 정성을 미처 살피지 못하고 성 옹의 아내는 불귀의 객이 되었어요.
힘들어
keywords :  ['힘들어']
혹은 저들이 조선을 나누어 먹는다면 모를 일이지만, 이리에서 떼어 내 어 해방시킨다는 조건은 아무리 해도 믿기 힘들어요.
힘들다
keywords :  ['힘들다']
그러므로 좀 힘들다는 것이어요.
힘들어
keywords :  ['힘들어']
혹은 저들이 조선을 나누어 먹는다면 모를 일이지만, 이리에서 떼어 내 어 해방시킨다는 조건은 아무리 해도 믿기 힘들어요.
힘들어
keywords :  ['힘들어']
혹은 저들이 조선을 나누어 먹는다면 모를 일이지만, 이리에서 떼어 내 어 해방시킨다는 조건은 아무리 해도 믿기 힘들어요.
힘들다
keywords :  ['힘들다']
그러므로 좀 힘들다는 것이어요.
잘 지내니
keywords :  ['잘', '지내니']
 돈도 참 잘도 벌더니. 이 형님도 인전 한 팔 꺾이었지.
살려줘
keywords :  ['살려줘']
거기 반 하여 시들어 가는 오 학동에서는 온갖 일이 마음대로 안되었어요.
거기 반 하여 시들어 가는 오 학동에서는 온갖 일이 마음대로 안되었어요.
달이 뜨고 달이 네
keywords :  ['달이', '뜨고', '달이', '네']
천연스러운 한 달이 지났어요.
내 마음 한 구석
keywords :  ['내', '마음', '한', '구석']
사람도 아마 그런가 보다, 하고 며칠 내에 부쩍  속으로 자란 듯싶은 점 순이 가 여간 반가운 것이 아니다.
김정일
keywords :  ['김정일']
그 날은 초 저녁부터 남편 경환의 병세가 이상하고 있다 금 헛소리로 지 꺼리는 말조차 죽음의 전구인 듯이 소름이 끼쳐 지는 것이었어요.
그 날은 초 저녁부터 남편 경환의 병세가 이상하고 있다 금 헛소리로 지 꺼리는 말조차 죽음의 전구인 듯이 소름이 끼쳐 지는 것이었어요.
토카막
keywords :  ['토카막']
이라고 말하는 것은, 어머니를 따라 나와 돌아오는 배를 기다리던 점 동이었어요.
이라고 말하는 것은, 어머니를 따라 나와 돌아오는 배를 기다리던 점 동이었어요.
동이는 다시 길을 나섰어요
keywords :  ['동이', '는', '다시', '길', '을', '나섰어요']
이라고 말하는 것은, 어머니를 따라 나와 돌아오는 배를 기다리던 점 동이었어요.
이라고 말하는 것은, 어머니를 따라 나와 돌아오는 배를 기다리던 점 동이었어요.
keywords :  ['이라고', '말', '하는', '것', '은', ',', '어머니', '를', '따라', '나와', '돌아오는', '배', '를', '기다리던', '점', '동', '이었어요', '.']
그 무리에 칠 운 이도 섞이었을 것이라고 그는 버드나무 아래로 왔어요.
그 무리에 칠 운 이도 섞이었을 것이라고 그는 버드나무 아래로 왔어요.
keywords :  ['그', '무리', '에', '칠', '운', '이도', '섞이었을', '것', '이라고', '그', '는', '버드나무', '아래', '로', '왔어요', '.']
 그러면 집주인한테로 갑시어요.
그러면 집주인한테로 갑시어요.
keywords :  ['그러면', '집주인', '한', '테로', '갑시어요', '.']
그러면 회집한 일 동은 갑자기 희색이 나고 몸이 들먹거려 혹,
돈벌고싶다
keywords :  ['돈', '벌고싶다']
그러나 한번 낚긴 돈이 아무리 간장을 녹인들 도로 제 손 안에 들어올 리가 없는 것이었으나 그래도 매 촌은 제 돈 찾으러 매일 같이 노름판에 드나들었어요.
시발
keywords :  ['시발']
그 무한 히 먼 곳을 바라보는 듯한 기묘한 눈을 들어서
그 무한 히 먼 곳을 바라보는 듯한 기묘한 눈을 들어서
병신
keywords :  ['병신']
그러나 아무리 생각해도 내 방 빌리고 내가 말 못 하는 것은 병신스러운 짓 임에 틀림이 없어요.
갓동수
keywords :  ['갓', '동수']
똑 갓난아기 같아서 썩 좋어요.
배부르다
keywords :  ['배부르다']
그는 한참이나 거기 서서 그때 일을 생각하고 몸서리를 친 후에 다시 그전 집을 찾아갔어요.
그는 한참이나 거기 서서 그때 일을 생각하고 몸서리를 친 후에 다시 그전 집을 찾아갔어요.
샨티 샨티
keywords :  ['샨티', '샨티']
그는 혼자 분개하면서 저고리를 벗어 걸고 넥타이를 끌렀어요.
그는 혼자 분개하면서 저고리를 벗어 걸고 넥타이를 끌렀어요.
거 참
keywords :  ['거', '참']
자네 같은 사람이 이 렇 거면  당 이 누구와 손을 잡고 일을 헌단 말인가?
ㅗ
keywords :  ['ㅗ']
분김에 뛰어나오기는 나왔으나 갈 데가 없었어요.
분김에 뛰어나오기는 나왔으나 갈 데가 없었어요.
ㅗ
keywords :  ['ㅗ']
  글쎄, 남이 부끄럽게 계집애더러 물어 본다 나 무엇이라 나. 그러지 않아도 큰 계집애를 일본까지 보냈느니 어떠니 하고 욕들을 하는데. 그래서 생각해 본다고 했지.
  글쎄, 남이 부끄럽게 계집애더러 물어 본다 나 무엇이라 나. 그러지 않아도 큰 계집애를 일본까지 보냈느니 어떠니 하고 욕들을 하는데. 그래서 생각해 본다고 했지.
.
keywords :  ['.']
 이것이 이삼 일 전에 백성 수한테서 내게로 온 편지인데 읽어 보세요.
갓동수
keywords :  ['갓', '동수']
 오오, 이녁이 이 멧갓을 전에 길 천이한테 다 팔았다?
예원
keywords :  ['예원']
그는 다시 문을 달각달각 하였어요.
그는 다시 문을 달각달각 하였어요.
도망쳐
keywords :  ['도망쳐']
두어 번 살을 쏘아본 뒤에는 낙랑군 사는 장수의 명령도 듣는 둥 마는 둥 제각기 도망쳐 버렸어요.
나 예뻐?
keywords :  ['나', '예뻐', '?']
어느 결에 주량조차 그렇게 늘었나
s..t..a..y....
keywords :  ['s', '..', 't', '..', 'a', '..', 'y', '....']
그런 생각에 또 대문깐으로 나가니까 그때야 S가 어슬렁 어슬렁 이리로 오면서 내 얼굴을 보더니 공연히 싱글벙글 웃길래 나는 또 나대로 공연히 한번 싱글벙글 웃었습니다.
넌 나에게 모욕감을 줬어
keywords :  ['넌', '나', '에게', '모욕감', '을', '줬어']
그리고 아내의 손을 넌지시 잡아당긴어요.
아
keywords :  ['아']
하루를 살아도 뜻있게 살아 보겠다고
ㅏ
keywords :  ['ㅏ']
그것은 ㄱㄴ 과 ㅏㅑㅓㅕ를 수로 한 우리의 암호 신호였어요.
ㅣ
keywords :  ['ㅣ']
그런 터라 어떤 날 식모가 좀 마음에 거슬리는 일을 하였다고
그런 터라 어떤 날 식모가 좀 마음에 거슬리는 일을 하였다고
;
keywords :  [';']
허 씨는 일변 눈물을 흘리고 또한 애걸하며 그 원통한 사정을 따라 사정하니 노인도 드디어 그 정성에 꺾인 듯 한 장의 상소문을 지어 주며 그래도 미심한 듯이,
허 씨는 일변 눈물을 흘리고 또한 애걸하며 그 원통한 사정을 따라 사정하니 노인도 드디어 그 정성에 꺾인 듯 한 장의 상소문을 지어 주며 그래도 미심한 듯이,
[
keywords :  ['[']
효 숙의 뒤에서 물끄러미 바라보는 나 까 가 와[  ]를 보았어요.[06/Jun/2019 01:06:28] "POST /%5Ekeyboard HTTP/1.1" 200 227
[06/Jun/2019 01:06:31] "POST /%5Ekeyboard HTTP/1.1" 200 323
[06/Jun/2019 01:06:33] "POST /%5Ekeyboard HTTP/1.1" 200 140
[06/Jun/2019 01:06:35] "POST /%5Ekeyboard HTTP/1.1" 200 127
[06/Jun/2019 01:06:36] "POST /%5Ekeyboard HTTP/1.1" 200 228
[06/Jun/2019 01:06:37] "POST /%5Ekeyboard HTTP/1.1" 200 345
[06/Jun/2019 01:06:38] "POST /%5Ekeyboard HTTP/1.1" 200 284
[06/Jun/2019 01:06:40] "POST /%5Ekeyboard HTTP/1.1" 200 151
[06/Jun/2019 01:06:43] "POST /%5Ekeyboard HTTP/1.1" 200 322
[06/Jun/2019 01:06:44] "POST /%5Ekeyboard HTTP/1.1" 200 149
[06/Jun/2019 01:06:49] "POST /%5Ekeyboard HTTP/1.1" 200 299
[06/Jun/2019 01:06:50] "POST /%5Ekeyboard HTTP/1.1" 200 108
[06/Jun/2019 01:06:51] "POST /%5Ekeyboard HTTP/1.1" 200 380
[06/Jun/2019 01:06:51] "POST /%5Ekeyboard HTTP/1.1" 200 153
[06/Jun/2019 01:06:57] "POST /%5Ekeyboard HTTP/1.1" 200 177
[06/Jun/2019 01:07:02] "POST /%5Ekeyboard HTTP/1.1" 200 246
[06/Jun/2019 01:07:04] "POST /%5Ekeyboard HTTP/1.1" 200 349
[06/Jun/2019 01:07:06] "POST /%5Ekeyboard HTTP/1.1" 200 369
[06/Jun/2019 01:07:09] "POST /%5Ekeyboard HTTP/1.1" 200 158
[06/Jun/2019 01:07:14] "POST /%5Ekeyboard HTTP/1.1" 200 334
[06/Jun/2019 01:07:50] "POST /%5Ekeyboard HTTP/1.1" 200 114
[06/Jun/2019 01:07:56] "POST /%5Ekeyboard HTTP/1.1" 200 118
[06/Jun/2019 01:08:01] "POST /%5Ekeyboard HTTP/1.1" 200 118
[06/Jun/2019 01:08:05] "POST /%5Ekeyboard HTTP/1.1" 200 118
[06/Jun/2019 01:08:07] "POST /%5Ekeyboard HTTP/1.1" 200 118
[06/Jun/2019 01:08:10] "POST /%5Ekeyboard HTTP/1.1" 200 118
[06/Jun/2019 01:08:11] "POST /%5Ekeyboard HTTP/1.1" 200 428
[06/Jun/2019 01:08:17] "POST /%5Ekeyboard HTTP/1.1" 200 163
[06/Jun/2019 01:08:20] "POST /%5Ekeyboard HTTP/1.1" 200 128
[06/Jun/2019 01:08:24] "POST /%5Ekeyboard HTTP/1.1" 200 249
[06/Jun/2019 01:08:26] "POST /%5Ekeyboard HTTP/1.1" 200 156
[06/Jun/2019 01:08:29] "POST /%5Ekeyboard HTTP/1.1" 200 386
[06/Jun/2019 01:08:31] "POST /%5Ekeyboard HTTP/1.1" 200 184
[06/Jun/2019 01:08:33] "POST /%5Ekeyboard HTTP/1.1" 200 253
[06/Jun/2019 01:08:35] "POST /%5Ekeyboard HTTP/1.1" 200 132
[06/Jun/2019 01:08:37] "POST /%5Ekeyboard HTTP/1.1" 200 510
[06/Jun/2019 01:08:38] "POST /%5Ekeyboard HTTP/1.1" 200 253
[06/Jun/2019 01:08:40] "POST /%5Ekeyboard HTTP/1.1" 200 208
[06/Jun/2019 01:08:42] "POST /%5Ekeyboard HTTP/1.1" 200 138
[06/Jun/2019 01:08:45] "POST /%5Ekeyboard HTTP/1.1" 200 400
[06/Jun/2019 01:08:47] "POST /%5Ekeyboard HTTP/1.1" 200 278
[06/Jun/2019 01:08:49] "POST /%5Ekeyboard HTTP/1.1" 200 151
[06/Jun/2019 01:08:50] "POST /%5Ekeyboard HTTP/1.1" 200 267
[06/Jun/2019 01:08:52] "POST /%5Ekeyboard HTTP/1.1" 200 189
[06/Jun/2019 01:08:54] "POST /%5Ekeyboard HTTP/1.1" 200 144
[06/Jun/2019 01:08:57] "POST /%5Ekeyboard HTTP/1.1" 200 444
[06/Jun/2019 01:08:59] "POST /%5Ekeyboard HTTP/1.1" 200 158
[06/Jun/2019 01:09:01] "POST /%5Ekeyboard HTTP/1.1" 200 215
[06/Jun/2019 01:09:03] "POST /%5Ekeyboard HTTP/1.1" 200 380
[06/Jun/2019 01:09:05] "POST /%5Ekeyboard HTTP/1.1" 200 235
[06/Jun/2019 01:09:08] "POST /%5Ekeyboard HTTP/1.1" 200 202
[06/Jun/2019 01:09:10] "POST /%5Ekeyboard HTTP/1.1" 200 263
[06/Jun/2019 01:09:12] "POST /%5Ekeyboard HTTP/1.1" 200 165
[06/Jun/2019 01:09:13] "POST /%5Ekeyboard HTTP/1.1" 200 259
[06/Jun/2019 01:09:15] "POST /%5Ekeyboard HTTP/1.1" 200 336
[06/Jun/2019 01:09:17] "POST /%5Ekeyboard HTTP/1.1" 200 280
[06/Jun/2019 01:09:19] "POST /%5Ekeyboard HTTP/1.1" 200 281
[06/Jun/2019 01:09:22] "POST /%5Ekeyboard HTTP/1.1" 200 234
[06/Jun/2019 01:09:24] "POST /%5Ekeyboard HTTP/1.1" 200 159
[06/Jun/2019 01:09:25] "POST /%5Ekeyboard HTTP/1.1" 200 183
[06/Jun/2019 01:09:27] "POST /%5Ekeyboard HTTP/1.1" 200 298
[06/Jun/2019 01:09:29] "POST /%5Ekeyboard HTTP/1.1" 200 319

]
keywords :  [']']
개경에 두류 [13] 한지 수삭에 술과 계집에 전의를 잃은 홍건적은 이제 다시 더 싸울 용기가 없었어요.
ㅔ
keywords :  ['ㅔ']
고 밀 국수를 해 주었어요.
고 밀 국수를 해 주었어요.
ㅐ
keywords :  ['ㅐ']
 어떻든? 재미있었지?
 어떻든? 재미있었지?
ㅑ
keywords :  ['ㅑ']
그것은 ㄱㄴ 과 ㅏㅑㅓㅕ를 수로 한 우리의 암호 신호였어요.
,
keywords :  [',']
푸른 테이블에 놓인 투 실한 최 교장의 손은 그의 얼굴과 달리 희고, 젊은이의 손 같이 근육이 팽팽하였어요.
ㅡ
keywords :  ['ㅡ']
 오 ㅡ 너는 도깨비 새끼로 구나 날이 다 새 었는데 왜 남의 소 뱃속에 입때 들어 있니
ㅜ
keywords :  ['ㅜ']
그런 염려는 할 것이 없겠지요
그런 염려는 할 것이 없겠지요
ㅠ
keywords :  ['ㅠ']
그렇게 생각하고 나니 자신은 도수장에 들어가는 소 모양으로 온 몸이 부르르 거리고 차마 발길을
그렇게 생각하고 나니 자신은 도수장에 들어가는 소 모양으로 온 몸이 부르르 거리고 차마 발길을
ㅍ
keywords :  ['ㅍ']
 ㄷ 선생! 혹 ㅍ 씨 모르시나요?
ㅊ
keywords :  ['ㅊ']
그리고 금방 네 입에서 나올 침이 벌건 피면 어찌하나 하여 내 마음이 바싹바싹 조였어요.
그리고 금방 네 입에서 나올 침이 벌건 피면 어찌하나 하여 내 마음이 바싹바싹 조였어요.
ㅌ
keywords :  ['ㅌ']
가 낡아 지고,
가 낡아 지고,
ㅋ
keywords :  ['ㅋ']
그러나 성격이 덜 났으니 만치 호인인 그는 아내와 싸우기가 싫기도 하고 무섭기도 하고 해서 모른 체하는 모양이었어요.
그러나 성격이 덜 났으니 만치 호인인 그는 아내와 싸우기가 싫기도 하고 무섭기도 하고 해서 모른 체하는 모양이었어요.
ㅁ
keywords :  ['ㅁ']
 어 ㅁ 마  어 ㅁ 마  히 히 애…….
나 예뻐?
keywords :  ['나', '예뻐', '?']
닭을 옆에 감추고 나는 듯 튀어나왔어요.
나 예뻐?
keywords :  ['나', '예뻐', '?']
섭섭한 글자가 하나씩 하나씩 섰다가 쓰러지기 위하여 나 암 않아요
나 예뻐?
keywords :  ['나', '예뻐', '?']
이렇게 소리 없는 울음을 기껏 울다가 오정이 넘어서 밖에 나서니 천지가 누우런 것이 진흙물을 흘린 듯해요.
나 예뻐?
keywords :  ['나', '예뻐', '?']
할아버지는 자기의 하나 아들이 죽어 백골이 되어 누워 있다는  란 곳을 바라보며 곤두박질을 그칠 줄 몰라 했습니다.
나 예쁘냐고
keywords :  ['나', '예쁘냐고']
 어서 일어나 방으로 들어가세요.
잘자
keywords :  ['잘자']
R 대공 작의 차인이 와서 부인에게 황금 5,000을 드리고, 그 우 작  리디아 를 가져간 기괴한 사건이었습니다.
R 대공 작의 차인이 와서 부인에게 황금 5,000을 드리고, 그 우 작  리디아 를 가져간 기괴한 사건이었습니다.
Hey
keywords :  ['Hey']
 마침내 왔구나!
 마침내 왔구나!
I
keywords :  ['I']
그래서 얼른, SEU VENIR!
SeU
keywords :  ['SeU']
그래서 얼른, SEU VENIR!
seu
keywords :  ['seu']
그래서 얼른, SEU VENIR!
Seu
keywords :  ['Seu']
그래서 얼른, SEU VENIR!
Seu
keywords :  ['Seu']
그래서 얼른, SEU VENIR!
NLP
keywords :  ['NLP']
비록 성경책을 내놓고 믿음이란 문제를 걸어 놨을망정 사뭇 문제와는 딴판으로 노동자 농민을 부르짖고 현대 조선 사회상을 들추어냈어요.
비록 성경책을 내놓고 믿음이란 문제를 걸어 놨을망정 사뭇 문제와는 딴판으로 노동자 농민을 부르짖고 현대 조선 사회상을 들추어냈어요.
죽
keywords :  ['죽']
무덤 한옆으로 먹 자죽이 선명하게
죽
keywords :  ['죽']
이놈 나 죽고 너 죽자!
인모
keywords :  ['인모']
명주로 위 아래를 감아 입고, 인모 망건에 호박 풍잠을 딱 붙이었어요.
이놈
keywords :  ['이', '놈']
한 끼에 두 번 씩 먹어, 나쁜 놈이.
이놈
keywords :  ['이', '놈']
밤이 되면 으레 당하는 이 몹쓸 노릇들을 하루라도 면하려고 저녁 설거지를 마치는 맡에 아무도 몰래 헛간으로 숨었었어요.
이놈
keywords :  ['이', '놈']
하다 못 해 김이라도 매는 것이 아니었어요.
이놈
keywords :  ['이', '놈']
 갑자 기가 아니라 그새 오래를 혼자서 두고두고 생각해 보았소이어요.
이놈
keywords :  ['이', '놈']
가증할 상식의 병이오.
이놈
keywords :  ['이', '놈']
이런 때마다 다부 코는 내가 공밥을 먹는 가고 내심화도 내보았지만, 겉으로는 두꺼운 얼굴 가죽에 미소를 띠고 시키는 대로 하지 않을 수가 없을 만치 발목 잡힌 몸이었어요.
이놈
keywords :  ['이', '놈']
그러나 내 방에서는 겨울에도 몇 마리의 빈대가 끊이지 않고 나왔어요.
이놈
keywords :  ['이', '놈']
 이리하여 진주성은 마침내 함락을 한 것이었었어요.
이놈
keywords :  ['이', '놈']
칠성이 는 돌아보았어요.
이놈
keywords :  ['이', '놈']
속눈썹까지 폭 내려 덮은 그의 앞머리 칼을 맹서 방은 사랑스러운 듯이 바라보며 나두 언제 계집을 하나 얻어 데리고 살아 볼거나
이놈
keywords :  ['이', '놈']
 그만두어……. 그는 입속으로 이렇게 여러 번 외면서도 터벅터벅 걸어 올라갔다
이놈
keywords :  ['이', '놈']
 전쟁하다 생긴 허물이지…….
이놈
keywords :  ['이', '놈']
 전 아버지가 무슨 미련으로 이 추잡한 땅에 남아 계시려는 지 모르겠습니다.
이놈
keywords :  ['이', '놈']
이리하여 논 개와 육조는 초대면을 하였어요.
이놈
keywords :  ['이', '놈']
그의 뒤는 그의 천문학이다
이놈
keywords :  ['이', '놈']
그러나 이것도 치료 상의 한 도정이라 하여 우리는 어머님이 그렇듯 청 하시는 과실 한 쪽 드리지 못하고 고기와 고사리나 물뿐으로 대접하였어요.
이놈
keywords :  ['이', '놈']
드디어 열 두시 기적이 울었어요.
이놈
keywords :  ['이', '놈']
어느 면서기인 듯한 놈이 오줌을 누다 말고 소리친어요.
이놈
keywords :  ['이', '놈']
여러 사람들이 쿵쿵 뛰어 올라가는 것을 볼 때마다 혹 보퉁이를 들어 올려 줄까 하여 그네들을 애원하듯이 쳐다보았어요.
이놈
keywords :  ['이', '놈']
그러함에 이를 때는 정화하여 줄 것이다……. 아! 모르겠다……!
이놈
keywords :  ['이', '놈']
확실히 벼를 훔치러 논 속으로 들어갔을 것이어요.
이놈
keywords :  ['이', '놈']
바라보이는 앞 벌, 달빛을 안고 고요히 잠든 저 벌. 그는 달음질치고 싶어요.
이놈
keywords :  ['이', '놈']
이장은 또 한 번 머리를 기울였어요.
이놈
keywords :  ['이', '놈']
이때에 벽장을 박차는 소리가 나더니 그 녹림 장군이 마루로 뛰어 나오며
이놈
keywords :  ['이', '놈']
하는 호령소리에 정신을 차려 쳐다보니 대청 위에 위의를 갖춘 양생이 노안을 부릅뜨고 내려 다 본어요.
이놈
keywords :  ['이', '놈']
그러나 아니 가는 것도 내 도리가 아닐 듯하여 하는 수 없이 두루마기를 입었어요.
이놈
keywords :  ['이', '놈']
문 상의 돈으로 패 연이를 사 주면 무엇이 기쁜지, 긴 상은 어떤가를 연발하였어요.
이놈
keywords :  ['이', '놈']
대서소에서 같이 있을 때 귀가 젖도록 들은 담양 이야기였어요.
이놈
keywords :  ['이', '놈']
이번 일도 다 그 사람 때문이라네.
이놈
keywords :  ['이', '놈']
말로 얼러서 들을 놈이면 놓아주구, 그렇디
이놈
keywords :  ['이', '놈']
나는 이러하고 있을 때가 아니라 하여 이를 악물고 차 곁으로 와서 차에 매달리었습니다.
이놈
keywords :  ['이', '놈']
으로 끝을 낼까 어떤 잡지사라고 까지 할까 하는 동안에 방 안에 있던 여인 이 밖으로 나왔습니다.
이놈
keywords :  ['이', '놈']
만약 독자로서 이런 질문을 필자에게 던진다면 필자도 모르노라고 대답할 밖에는 도리가 없어요.[06/Jun/2019 01:09:30] "POST /%5Ekeyboard HTTP/1.1" 200 321
[06/Jun/2019 01:09:32] "POST /%5Ekeyboard HTTP/1.1" 200 449
[06/Jun/2019 01:09:33] "POST /%5Ekeyboard HTTP/1.1" 200 263
[06/Jun/2019 01:09:34] "POST /%5Ekeyboard HTTP/1.1" 200 220
[06/Jun/2019 01:09:35] "POST /%5Ekeyboard HTTP/1.1" 200 277
[06/Jun/2019 01:09:37] "POST /%5Ekeyboard HTTP/1.1" 200 152
[06/Jun/2019 01:09:38] "POST /%5Ekeyboard HTTP/1.1" 200 241
[06/Jun/2019 01:09:40] "POST /%5Ekeyboard HTTP/1.1" 200 290
[06/Jun/2019 01:09:41] "POST /%5Ekeyboard HTTP/1.1" 200 172
[06/Jun/2019 01:09:43] "POST /%5Ekeyboard HTTP/1.1" 200 283
[06/Jun/2019 01:09:44] "POST /%5Ekeyboard HTTP/1.1" 200 355
[06/Jun/2019 01:09:46] "POST /%5Ekeyboard HTTP/1.1" 200 235
[06/Jun/2019 01:09:47] "POST /%5Ekeyboard HTTP/1.1" 200 222
[06/Jun/2019 01:09:48] "POST /%5Ekeyboard HTTP/1.1" 200 420
[06/Jun/2019 01:09:50] "POST /%5Ekeyboard HTTP/1.1" 200 172
[06/Jun/2019 01:09:52] "POST /%5Ekeyboard HTTP/1.1" 200 185
[06/Jun/2019 01:09:55] "POST /%5Ekeyboard HTTP/1.1" 200 208
[06/Jun/2019 01:09:57] "POST /%5Ekeyboard HTTP/1.1" 200 325
[06/Jun/2019 01:09:58] "POST /%5Ekeyboard HTTP/1.1" 200 518
[06/Jun/2019 01:10:02] "POST /%5Ekeyboard HTTP/1.1" 200 385
[06/Jun/2019 01:10:03] "POST /%5Ekeyboard HTTP/1.1" 200 280
[06/Jun/2019 01:10:05] "POST /%5Ekeyboard HTTP/1.1" 200 348
[06/Jun/2019 01:10:07] "POST /%5Ekeyboard HTTP/1.1" 200 241
[06/Jun/2019 01:10:10] "POST /%5Ekeyboard HTTP/1.1" 200 306
[06/Jun/2019 01:10:13] "POST /%5Ekeyboard HTTP/1.1" 200 297
[06/Jun/2019 01:10:16] "POST /%5Ekeyboard HTTP/1.1" 200 423
[06/Jun/2019 01:10:19] "POST /%5Ekeyboard HTTP/1.1" 200 480
[06/Jun/2019 01:10:21] "POST /%5Ekeyboard HTTP/1.1" 200 408
[06/Jun/2019 01:10:23] "POST /%5Ekeyboard HTTP/1.1" 200 408
[06/Jun/2019 01:10:24] "POST /%5Ekeyboard HTTP/1.1" 200 408
[06/Jun/2019 01:10:24] "POST /%5Ekeyboard HTTP/1.1" 200 286
[06/Jun/2019 01:10:26] "POST /%5Ekeyboard HTTP/1.1" 200 286
[06/Jun/2019 01:10:26] "POST /%5Ekeyboard HTTP/1.1" 200 394
[06/Jun/2019 01:10:27] "POST /%5Ekeyboard HTTP/1.1" 200 139
[06/Jun/2019 01:10:32] "POST /%5Ekeyboard HTTP/1.1" 200 158
[06/Jun/2019 01:10:33] "POST /%5Ekeyboard HTTP/1.1" 200 228
[06/Jun/2019 01:10:36] "POST /%5Ekeyboard HTTP/1.1" 200 285
[06/Jun/2019 01:10:37] "POST /%5Ekeyboard HTTP/1.1" 200 209
[06/Jun/2019 01:10:39] "POST /%5Ekeyboard HTTP/1.1" 200 295
[06/Jun/2019 01:10:40] "POST /%5Ekeyboard HTTP/1.1" 200 480
[06/Jun/2019 01:10:41] "POST /%5Ekeyboard HTTP/1.1" 200 158
[06/Jun/2019 01:10:43] "POST /%5Ekeyboard HTTP/1.1" 200 331
[06/Jun/2019 01:10:44] "POST /%5Ekeyboard HTTP/1.1" 200 389
[06/Jun/2019 01:10:47] "POST /%5Ekeyboard HTTP/1.1" 200 222
[06/Jun/2019 01:10:48] "POST /%5Ekeyboard HTTP/1.1" 200 235
[06/Jun/2019 01:11:54] "POST /%5Ekeyboard HTTP/1.1" 200 203
[06/Jun/2019 01:12:12] "POST /%5Ekeyboard HTTP/1.1" 200 497
[06/Jun/2019 01:13:41] "POST /%5Ekeyboard HTTP/1.1" 200 108

이놈
keywords :  ['이', '놈']
그려. 그래서 저것을 성수에게 보이면, 혹 그때의 감정 그때는, 나는 그 담배 장수네 집에 불이 일어난 것도 성수의 장난인 줄은 꿈에도 생각 안 했구료
이놈
keywords :  ['이', '놈']
순이 는 치마를 손으로 한 번 탁 탁 턴 뒤에 돌아서 서 부엌으로 들어갔어요.
이놈
keywords :  ['이', '놈']
몸이 너무도 아프셔서 헛말씀을 하신다 이렇게 보았어요.
이놈
keywords :  ['이', '놈']
아직껏 4년 동안을 얼씬도 안 하던 그의 남편이 4년 만에 그의 방에 들어 왔습니다.
이놈
keywords :  ['이', '놈']
암 말 없이 수재를 노려본어요.
이놈
keywords :  ['이', '놈']
고요하고, 축축하고, 우중충하고. 그리고 그것이 정칙일 것이어요.
이놈
keywords :  ['이', '놈']
신문을 들여다보는 동안에 너무도 신기한 생각이 나서 모르는 결에 속으로 외쳤어요.
이놈
keywords :  ['이', '놈']
 네, 저, 전당국은 전당국이외다만…….
이놈
keywords :  ['이', '놈']
바람이나 불지 말아야 할 터인데, 저 바람! 기껏 키운 조는 다 쓰러져 싹이 싸겠구나.
이놈
keywords :  ['이', '놈']
새벽 다섯 시쯤 되 매, 기지개를 켜는 축, 눈을 부비는 축, 누가 무슨 군호나 부른 듯이 일제히 몸을 굼틀거린어요.
이놈
keywords :  ['이', '놈']
눈물 방울이 이내 양쪽 볼 위로 주르르 흘러 옷깃에 떨어진어요.
이놈
keywords :  ['이', '놈']
그날 밤이 깊어서 야 그는 눈이 퀭해서 집으로 돌아왔어요.
이놈
keywords :  ['이', '놈']
그날 오후 두시에 마리아는 얼 두 거우 예수 교내 강당 위에 높이 서서 요한 복음 3 장 16 절을 가지고 믿음이란 문제로 강연을 시작하였어요.
이놈
keywords :  ['이', '놈']
그 청이란 묻지 않아도 알 수 있었어요.
이놈
keywords :  ['이', '놈']
저는 못 하는 것이 아니라 안 하는 것입니다.
이놈
keywords :  ['이', '놈']
아기 울음소리를 들으면서 그는 칠 운이를 찾았어요.
이놈
keywords :  ['이', '놈']
방에서는  이놈 하고 비장한 호령. 음울한 분위기에 싸여 오던 집안 공기는 일시에 활기를 띠었어요.
이놈
keywords :  ['이', '놈']
돈푼이나 얻어 썼다는 것보다도 그 사람의 친절이 허 준 이 스스로도 알 수 없이 허 준의 몸을 얽어서 웬만한 괴롬이 닥치더라도 차마 관 호의 호의를 등질 수는 없는 듯하였어요.
장동수
keywords :  ['장', '동수']
뒤따라 들어오는 사람의 발소리가 들리므로 돌아보니 수년 간을 충실히 왕자에게 시종들 던 무장 하나이 따라 들어온어요.
장동수
keywords :  ['장', '동수']
최후의 이별 장소, 웃음으로 서로 작별하고 이 뒤에도 친구로 그냥 교제해 주세요.
장동수
keywords :  ['장', '동수']
노아 시대의 홍수와 베스 비오스의 폭발의 장엄한 광경을 정시하고 관상한 사람은 그 사람 밖에는 없었어요.
이예원
keywords :  ['이예원']
어떤 몹시 불쾌한 하루를 선택하여 위선 회충약을 돈복  하였어요.
어떤 몹시 불쾌한 하루를 선택하여 위선 회충약을 돈복  하였어요.
이예원
keywords :  ['이예원']
그러나 큰 년이 가 물동이를 이고 이 비를 맞으면서도 저 산 아래 박우물로 달려가지 나 않나
그러나 큰 년이 가 물동이를 이고 이 비를 맞으면서도 저 산 아래 박우물로 달려가지 나 않나
장인규
keywords :  ['장인', '규']
거대한 소비 시장인 청국에 대하여 영국이 그 수출 수입의 우선권을 획득한 것이었어요.
장인규
keywords :  ['장인', '규']
복 녀가 시집을 온 뒤, 한 삼사 년은 장인의 덕으로 이렁저렁 지내 갔으나, 이전 선비의 꼬리인 장인도 차차 사위를 밉게 보기 시작하였어요.
아
keywords :  ['아']
손에 쥐인 것 같이 믿고 믿었던 농사하는 그들의 꿈은 그대로 애처롭게 물거품으로 돌아가고 말게 되었으므로 늙은이는 온 밤이 새도록 아들을 조르며 죽는다고
ㅂ
keywords :  ['ㅂ']
기밀비의 대부분이 ㅂ 씨의 술값과 기생 외입 비에 충당된 것을 안 것은 그 후 이야기였지만 하여튼 막대한 돈이 뿌려 졌던 것이어요.
ㅂ
keywords :  ['ㅂ']
기밀비의 대부분이 ㅂ 씨의 술값과 기생 외입 비에 충당된 것을 안 것은 그 후 이야기였지만 하여튼 막대한 돈이 뿌려 졌던 것이어요.
ㅂ
keywords :  ['ㅂ']
기밀비의 대부분이 ㅂ 씨의 술값과 기생 외입 비에 충당된 것을 안 것은 그 후 이야기였지만 하여튼 막대한 돈이 뿌려 졌던 것이어요.
ㅈ
keywords :  ['ㅈ']
말은 않지만 이렇게 바라기는 ㅈ, ㅎ 두 학교의 모든 선생들의 공통된 감정이었어요.
ㅈ
keywords :  ['ㅈ']
말은 않지만 이렇게 바라기는 ㅈ, ㅎ 두 학교의 모든 선생들의 공통된 감정이었어요.
ㄷ
keywords :  ['ㄷ']
복잡 하대도 돈만 있으면 다 해결될 성질이고 보니 복잡 운운할 것도 못되겠지만 ㄷ 씨로 본다면 실로 마음 어지러운 경우어요.
ㄷ
keywords :  ['ㄷ']
ㄷ 씨는 눈물을 쏟았어요.
ㄷ
keywords :  ['ㄷ']
ㄷ 씨 부인은 미쳐서 날뛰었어요.
ㄷ
keywords :  ['ㄷ']
고보의 3년 간은 경제적으로는 ㄷ 씨에게 큰 도움이 되었다고
ㄷ
keywords :  ['ㄷ']
ㄷ 씨 집에서는 싸고 싸고 해 왔었지만 땜장이네 할머니가 눈치를 챈 모양이었어요.
ㄷ
keywords :  ['ㄷ']
ㄷ 씨한테 대한 불평은 잘 시간을 갈라서 행해졌어요.
ㄷ
keywords :  ['ㄷ']
 의 주자부터 시작된 ㄷ 씨 특유의 앙칼진 음성은 맨 끝자  나 에서 노골하게 나타났어요.
34ㄷ
keywords :  ['34', 'ㄷ']
윤광 호는 더욱 공부에 열심할 생각이 나고 학교를 졸업하거든 환국  하지 아니하고, 34 년 간 동경에서 연구하여 조선인으로 최초의 박사의 학위를 취하려고 해요.
ㄷ
keywords :  ['ㄷ']
ㄷ 씨도 눈물이 글썽 해졌었어요.
ㄷ
keywords :  ['ㄷ']
불쾌하게 한 대신 무한한 즐거움 권 노인은 촐촐 해하는 우리 ㄷ 씨한테 술대접을 해 주었던 것이어요.
ㄷ
keywords :  ['ㄷ']
말하자면 ㅈ, ㅎ 두 고보의 교장이 ㄷ 씨의 학설을 지지했기 때문에 ㄷ 씨의 황금시대는 종막을 고한 폭이 되었다는 것이어요.
ㄷ
keywords :  ['ㄷ']
아들의 이 말에 ㄷ 씨는 나직한 음성으로 물었던 것이어요.
ㄷ
keywords :  ['ㄷ']
윤 청년은 망설이다가 ㄷ 씨를 남 일 옥으로 모시는 것이었어요.
ㄷ
keywords :  ['ㄷ']
일생 처음으로 큰돈이 ㄷ 씨의 손에 쥐어 졌었어요.
설렁탕이 먹고싶소
keywords :  ['설렁탕', '이', '먹고싶소']
허기진 놈 보고 설렁탕을 사 달라는 게 옳겠지 자기보고 돈을 내 랄 쪄 엔 요놈은 거지 중에서 제일 액수 사낚 운 놈일 게어요. 그는 들은 척 않고 그대로 늠름 히 걸밌어요.
수없는 '만약'과 선택의 기로가 머릿속에서 교차했다. 이 지독한 '만약'들. 분명 이렇게 상반되는 최선의 상황이 이어졌다 해도 할머니는 사망할 확률이 높았다. 하지만 죽음은 어떤 방식으로 해석해도 최악이다. 그리고 이 죽음보다 나쁜 경우의 수는 존재하지 않는다.
keywords :  ['수', '없는', "'", '만약', "'", '과', '선택', '의', '기', '로', '가', '머릿속', '에서', '교차', '했다', '.', '이', '지독한', "'", '만약', "'", '들', '.', '분명', '이렇게', '상반', '되는', '최선', '의', '상황', '이', '이어졌다', '해도', '할머니', '는', '사망', '할', '확률', '이', '높았다', '.', '하지만', '죽음', '은', '어떤', '방식', '으로', '해석', '해도', '최악', '이다', '.', '그리고', '이', '죽음', '보다', '나쁜', '경우', '의', '수', '는', '존재', '하지', '않는다', '.']
 별수 없겠지.
웃음은 열광의 표현이다.[06/Jun/2019 01:14:26] "POST /%5Ekeyboard HTTP/1.1" 200 280
[06/Jun/2019 01:15:03] "POST /%5Ekeyboard HTTP/1.1" 200 307
[06/Jun/2019 01:15:33] "POST /%5Ekeyboard HTTP/1.1" 200 223
[06/Jun/2019 01:15:55] "POST /%5Ekeyboard HTTP/1.1" 200 502
[06/Jun/2019 01:16:06] "POST /%5Ekeyboard HTTP/1.1" 200 255
[06/Jun/2019 01:16:08] "POST /%5Ekeyboard HTTP/1.1" 200 242
[06/Jun/2019 01:16:10] "POST /%5Ekeyboard HTTP/1.1" 200 197
[06/Jun/2019 01:16:11] "POST /%5Ekeyboard HTTP/1.1" 200 284
[06/Jun/2019 01:16:11] "POST /%5Ekeyboard HTTP/1.1" 200 178
[06/Jun/2019 01:16:12] "POST /%5Ekeyboard HTTP/1.1" 200 228
[06/Jun/2019 01:16:13] "POST /%5Ekeyboard HTTP/1.1" 200 197
[06/Jun/2019 01:21:33] "POST /%5Ekeyboard HTTP/1.1" 200 269
[06/Jun/2019 01:21:36] "POST /%5Ekeyboard HTTP/1.1" 200 205
[06/Jun/2019 01:21:37] "POST /%5Ekeyboard HTTP/1.1" 200 319
[06/Jun/2019 01:21:39] "POST /%5Ekeyboard HTTP/1.1" 200 188
[06/Jun/2019 01:21:40] "POST /%5Ekeyboard HTTP/1.1" 200 313
[06/Jun/2019 01:21:41] "POST /%5Ekeyboard HTTP/1.1" 200 244
[06/Jun/2019 01:21:48] "POST /%5Ekeyboard HTTP/1.1" 200 106
[06/Jun/2019 01:21:50] "POST /%5Ekeyboard HTTP/1.1" 200 470
[06/Jun/2019 01:21:52] "POST /%5Ekeyboard HTTP/1.1" 200 119
[06/Jun/2019 01:21:53] "POST /%5Ekeyboard HTTP/1.1" 200 166
[06/Jun/2019 01:21:54] "POST /%5Ekeyboard HTTP/1.1" 200 209
[06/Jun/2019 01:21:56] "POST /%5Ekeyboard HTTP/1.1" 200 291
[06/Jun/2019 01:21:57] "POST /%5Ekeyboard HTTP/1.1" 200 395
[06/Jun/2019 01:22:57] "POST /%5Ekeyboard HTTP/1.1" 200 197
[06/Jun/2019 01:23:06] "POST /%5Ekeyboard HTTP/1.1" 200 107
[06/Jun/2019 01:23:11] "POST /%5Ekeyboard HTTP/1.1" 200 222
[06/Jun/2019 01:23:14] "POST /%5Ekeyboard HTTP/1.1" 200 140
[06/Jun/2019 01:23:15] "POST /%5Ekeyboard HTTP/1.1" 200 163
[06/Jun/2019 01:23:18] "POST /%5Ekeyboard HTTP/1.1" 200 279
[06/Jun/2019 01:23:22] "POST /%5Ekeyboard HTTP/1.1" 200 496
[06/Jun/2019 01:23:26] "POST /%5Ekeyboard HTTP/1.1" 200 339
[06/Jun/2019 01:23:29] "POST /%5Ekeyboard HTTP/1.1" 200 239
[06/Jun/2019 01:23:33] "POST /%5Ekeyboard HTTP/1.1" 200 306
[06/Jun/2019 01:23:38] "POST /%5Ekeyboard HTTP/1.1" 200 299
[06/Jun/2019 03:34:48] "HEAD / HTTP/1.1" 404 74

keywords :  ['웃음', '은', '열광', '의', '표현', '이다', '.']
최후의 이별 장소, 웃음으로 서로 작별하고 이 뒤에도 친구로 그냥 교제해 주세요.
너는 사람들에게 말할 수 있는 것보다 더 많은 부분을 생각하는 것 같아. 그렇다면 네가 생각하는대로 살지 못한다는 것도 알겠지. 그건 좋지 않아. 우리가 살면서 실현하는 생각만이 가치 있어. 너는 '허용된 세계'가 단지 세계의 반쪽이라는 걸 알았지만 목사님이나 선생님이 가르치는 것처럼 두번째 세계를 억누르려고 했어. 하지만 만족스럽지 않았겠지! 생각하기를 시작한 사람이라면 누구도 만족하지 못해
keywords :  ['너', '는', '사람', '들', '에게', '말', '할', '수', '있는', '것', '보다', '더', '많은', '부분', '을', '생각', '하는', '것', '같아', '.', '그렇다면', '네', '가', '생각', '하는대로', '살', '지', '못', '한다는', '것', '도', '알겠지', '.', '그건', '좋지', '않아', '.', '우리', '가', '살면서', '실현', '하는', '생각', '만이', '가치', '있어', '.', '너', '는', "'", '허용', '된', '세계', "'", '가', '단지', '세계', '의', '반쪽', '이라는', '걸', '알았지만', '목사', '님', '이나', '선생님', '이', '가르치는', '것', '처럼', '두번째', '세계', '를', '억', '누르려고', '했어', '.', '하지만', '만족', '스럽지', '않았겠지', '!', '생각', '하기를', '시작', '한', '사람', '이', '라면', '누구', '도', '만족하지', '못', '해']
이제 가서 옷감을 들려주면 큰 년이 는 너무 좋아서 그 가무레한 눈썹 끝에 웃음을 띄울 테지.
너는 사람들에게 말할 수 있는 것보다 더 많은 부분을 생각하는 것 같아. 그렇다면 네가 생각하는대로 살지 못한다는 것도 알겠지.
keywords :  ['너', '는', '사람', '들', '에게', '말', '할', '수', '있는', '것', '보다', '더', '많은', '부분', '을', '생각', '하는', '것', '같아', '.', '그렇다면', '네', '가', '생각', '하는대로', '살', '지', '못', '한다는', '것', '도', '알겠지', '.']
너의 조 새빨간 입으로 같이 가자 한 것도 다 거짓말이었지?
하지만 만족스럽지 않았겠지! 생각하기를 시작한 사람이라면 누구도 만족하지 못해.
keywords :  ['하지만', '만족', '스럽지', '않았겠지', '!', '생각', '하기를', '시작', '한', '사람', '이', '라면', '누구', '도', '만족하지', '못', '해', '.']
이게 웬 소 린 고 가난뱅이가 많이 사는 자하동으로 떠났다는 것은 그럴 듯도 하지만 떠나온지 일양일밖에 아니 된 자기집을 물어만 보면 안다는 수작이 너무나 허무해요.
ㄷ
keywords :  ['ㄷ']
이렇게 출판사에 속은 ㄷ 씨는 또 한번 헛물을 켜지 않으면 안 되었어요.
ㄷ
keywords :  ['ㄷ']
ㄷ 씨는 거나 하여 들어오면서 풀쑥 아내 앞에다 내 어 던지었어요.
ㄷ
keywords :  ['ㄷ']
ㄷ 씨가 방송을 하다가 코를 골고 있는 것이어요.
ㄷ
keywords :  ['ㄷ']
혀가 잘 돌지는 않았으나 20 분간이야 어찌 못 채 유랴 한 것은 ㄷ 씨뿐이 아니었어요.
ㄷ
keywords :  ['ㄷ']
울면서 ㄷ 씨는 또 마시고 또 마시었어요.
ㄷ
keywords :  ['ㄷ']
ㄷ 씨는 아들과의 관계를 자세히 설명하지 않을 수 없었어요.
ㄷ
keywords :  ['ㄷ']
ㄷ 씨가 방송을 하다가 코를 골고 있는 것이어요.
o
keywords :  ['o']
 [ 부언] 이것은 몰나르 F Molnar 의  마지막 오후 에서 상  을 취하였음을 말하여 둔다
3
keywords :  ['3']
고등 보통 도 일 이의 원조로써 3 학년까지 다녔어요.
2
keywords :  ['2']
하루에 한 끼 먹기도 바쁜 수임을 가지고 K 선생은 완강히 버티어 2,3 년을 훌씬 지 나 버린 것이어요.
1
keywords :  ['1']
다부 코는 넙적 이의 돈 18 전을 딴 셈이었어요.
`
keywords :  ['`']
양 궐련 바람이 시다는 둥 이왕이면 속곳 밑 들고 인심 쓰라는 둥 별별 핀퉁이가 다 들어온어요.
양 궐련 바람이 시다는 둥 이왕이면 속곳 밑 들고 인심 쓰라는 둥 별별 핀퉁이가 다 들어온어요.
'
keywords :  ["'"]
 야, 이년 아 어린애들과 장난만 치지 말고 오빠 대리나 주물러 주렴!
 야, 이년 아 어린애들과 장난만 치지 말고 오빠 대리나 주물러 주렴!
/
keywords :  ['/']
그러다가는,
그러다가는,
*
keywords :  ['*']
보이들도 영 순과 같이 머 리에서부터 발끝까지 새것으로만 차린 손님을, 그렇게 고귀한 것으로만 차린 손님을 아마 그렇게 용이하게 볼 수 없는 듯하였어요.
보이들도 영 순과 같이 머 리에서부터 발끝까지 새것으로만 차린 손님을, 그렇게 고귀한 것으로만 차린 손님을 아마 그렇게 용이하게 볼 수 없는 듯하였어요.
--
keywords :  ['--']
두렵지 않습니까?
두렵지 않습니까?
*
keywords :  ['*']
… 나는 지금 영등포로 간다, 그렇다!
… 나는 지금 영등포로 간다, 그렇다!
+
keywords :  ['+']
하고 김은 그 아내를 불러서 자기의 의복을 내왔어요.
하고 김은 그 아내를 불러서 자기의 의복을 내왔어요.
.
keywords :  ['.']
복도로 가만가만 걸어서 옆의 방을 들여다보니까 주지 대리가 코를 골며 자고 있어요.
0
keywords :  ['0']
부모에게서 물려받은 팔  지금껏 20여 년을 자기의 어깨에서 늘어져서 자기를 기르고 먹이고 살리던 오른손. 이것이 없어 졌는가
자동응답 모드에서는 지원하지 않는 기능입니다.
keywords :  ['자동', '응답', '모드', '에서는', '지원', '하지', '않는', '기능', '입니다', '.']
면 후가 자동차를 몰고 온 곳은 물론 경찰부어요.
(똥)
keywords :  ['(', '똥', ')']
아아 어머니!
아아 어머니!
(똥)
keywords :  ['(', '똥', ')']
그는 신문을 와락 당기어 올올이 찢어 창 밖으로 던졌어요.
그는 신문을 와락 당기어 올올이 찢어 창 밖으로 던졌어요.
(똥)
keywords :  ['(', '똥', ')']
 그날 매우 욕을 보셨지요.
 그날 매우 욕을 보셨지요.
(똥)
keywords :  ['(', '똥', ')']
그리고 배고픈 소리로 말하였어요.
그리고 배고픈 소리로 말하였어요.
(똥)
keywords :  ['(', '똥', ')']
도리어 기가 막혀서 아무 소리도 못하고 있는 것을 그 상고는 어떻게 생각했는지.
도리어 기가 막혀서 아무 소리도 못하고 있는 것을 그 상고는 어떻게 생각했는지.
(똥)쌈
keywords :  ['(', '똥', ')', '쌈']
천명에 쫓아서 그대의 생 국은 비록 망한다 하나 장차 고구려의 왕자 비로서 그 뒤에는 대 고구려의 왕후로서 그대의 개인적 영예는 그대의 머리에서 벗길 자 없도어요.
천명에 쫓아서 그대의 생 국은 비록 망한다 하나 장차 고구려의 왕자 비로서 그 뒤에는 대 고구려의 왕후로서 그대의 개인적 영예는 그대의 머리에서 벗길 자 없도어요.
(똥)쌈
keywords :  ['(', '똥', ')', '쌈']
박 첨지는 앞서고, 그의 늙은 안해는 서너 걸음쯤 뒤 서서 머리를 푹 수그린 채 앞으로 앞으로 걸었읍니다.
박 첨지는 앞서고, 그의 늙은 안해는 서너 걸음쯤 뒤 서서 머리를 푹 수그린 채 앞으로 앞으로 걸었읍니다.
똥싸고있네
keywords :  ['똥', '싸고있네']
가다가다 토담으로 둘러싼 포대는 산새 똥으로 허옇게 되었어요.
똥싸고있네
keywords :  ['똥', '싸고있네']
개똥이 는 저 아버지가 읍에 가서 눈약 사 왔다는 데, 그 약을 넣으니까 눈이 낫다 더 라, 응 야.
개똥아
똥쌌니
아니요
keywords :  ['개똥', '아', '\n', '똥', '쌌니', '\n', '아니요']
개똥에 굴러도  문 안이 좋지 그 두메에 누가…… 하고 그들은 처음부터 오기를 싫어해요.
도키치로
keywords :  ['도키', '치', '로']
북에서는 모든 학자가 최대의 우대를 받고 있습니다.
북에서는 모든 학자가 최대의 우대를 받고 있습니다.[06/Jun/2019 09:17:54] "POST /%5Ekeyboard HTTP/1.1" 200 208
[06/Jun/2019 09:18:03] "POST /%5Ekeyboard HTTP/1.1" 200 265
[06/Jun/2019 09:41:59] "GET / HTTP/1.1" 404 74
[06/Jun/2019 10:25:51] "GET / HTTP/1.1" 404 74
[06/Jun/2019 10:58:41] "POST /%5Ekeyboard HTTP/1.1" 200 420
[06/Jun/2019 12:50:50] "POST /%5Ekeyboard HTTP/1.1" 200 196
[06/Jun/2019 12:50:56] "POST /%5Ekeyboard HTTP/1.1" 200 243
[06/Jun/2019 12:51:00] "POST /%5Ekeyboard HTTP/1.1" 200 374
[06/Jun/2019 12:51:08] "POST /%5Ekeyboard HTTP/1.1" 200 385
[06/Jun/2019 12:51:13] "POST /%5Ekeyboard HTTP/1.1" 200 146
[06/Jun/2019 12:51:19] "POST /%5Ekeyboard HTTP/1.1" 200 428
[06/Jun/2019 12:51:23] "POST /%5Ekeyboard HTTP/1.1" 200 341
[06/Jun/2019 12:52:52] "POST /%5Ekeyboard HTTP/1.1" 200 276
[06/Jun/2019 12:53:11] "POST /%5Ekeyboard HTTP/1.1" 200 286
[06/Jun/2019 12:53:16] "POST /%5Ekeyboard HTTP/1.1" 200 121
[06/Jun/2019 12:53:20] "POST /%5Ekeyboard HTTP/1.1" 200 158
[06/Jun/2019 12:54:03] "POST /%5Ekeyboard HTTP/1.1" 200 375
[06/Jun/2019 12:54:08] "POST /%5Ekeyboard HTTP/1.1" 200 249
[06/Jun/2019 12:54:14] "POST /%5Ekeyboard HTTP/1.1" 200 490
[06/Jun/2019 12:54:23] "POST /%5Ekeyboard HTTP/1.1" 200 182
[06/Jun/2019 12:54:29] "POST /%5Ekeyboard HTTP/1.1" 200 159
[06/Jun/2019 12:54:36] "POST /%5Ekeyboard HTTP/1.1" 200 317
[06/Jun/2019 12:54:48] "POST /%5Ekeyboard HTTP/1.1" 200 220
[06/Jun/2019 12:54:53] "POST /%5Ekeyboard HTTP/1.1" 200 510
[06/Jun/2019 12:55:00] "POST /%5Ekeyboard HTTP/1.1" 200 282
[06/Jun/2019 12:55:06] "POST /%5Ekeyboard HTTP/1.1" 200 313
[06/Jun/2019 12:55:14] "POST /%5Ekeyboard HTTP/1.1" 200 183
[06/Jun/2019 13:09:39] "POST /%5Ekeyboard HTTP/1.1" 200 221
[06/Jun/2019 13:09:44] "POST /%5Ekeyboard HTTP/1.1" 200 233
[06/Jun/2019 13:09:51] "POST /%5Ekeyboard HTTP/1.1" 200 315
[06/Jun/2019 13:23:53] "POST /%5Ekeyboard HTTP/1.1" 200 191
[06/Jun/2019 13:23:56] "POST /%5Ekeyboard HTTP/1.1" 200 499
[06/Jun/2019 13:24:28] "POST /%5Ekeyboard HTTP/1.1" 200 233
[06/Jun/2019 13:25:17] "POST /%5Ekeyboard HTTP/1.1" 200 126
[06/Jun/2019 13:25:19] "POST /%5Ekeyboard HTTP/1.1" 200 109
[06/Jun/2019 13:25:22] "POST /%5Ekeyboard HTTP/1.1" 200 382
[06/Jun/2019 13:25:32] "POST /%5Ekeyboard HTTP/1.1" 200 239
[06/Jun/2019 13:25:47] "POST /%5Ekeyboard HTTP/1.1" 200 107
[06/Jun/2019 13:25:53] "POST /%5Ekeyboard HTTP/1.1" 200 266
[06/Jun/2019 13:25:59] "POST /%5Ekeyboard HTTP/1.1" 200 375
[06/Jun/2019 13:26:07] "POST /%5Ekeyboard HTTP/1.1" 200 182
[06/Jun/2019 13:26:30] "POST /%5Ekeyboard HTTP/1.1" 200 208
[06/Jun/2019 13:26:44] "POST /%5Ekeyboard HTTP/1.1" 200 381
[06/Jun/2019 13:26:51] "POST /%5Ekeyboard HTTP/1.1" 200 374
[06/Jun/2019 13:26:53] "POST /%5Ekeyboard HTTP/1.1" 200 151
[06/Jun/2019 13:26:56] "POST /%5Ekeyboard HTTP/1.1" 200 128

키노시타 토키치류
keywords :  ['키노', '시타', '토키', '치류']
비밀히 낙랑 정벌의 군사를 일으키노라고 고구려 조야는 물 끓듯 하였어요.
설렁탕
keywords :  ['설렁탕']
 이런 오라질 년! 조밥도 못 먹는 년이 설렁탕은, 또 처먹고 지랄병을 하게. 라고, 야단을 쳐 보았건만, 못 사주는 마음이 시원치는 않았어요.
운지
keywords :  ['운지']
등에 갓난애는 추운지 악을 쓰면서 울어 댄어요.
노무현 운지
keywords :  ['노무현', '운지']
니 마 마를 우 러 러 의지하는 백성을 보시사 부디 뜻을 돌이키소서.
니 마 마를 우 러 러 의지하는 백성을 보시사 부디 뜻을 돌이키소서.
야 기분 좋다
keywords :  ['야', '기분', '좋다']
진홍빛 용합은 못 둘러칠지언정 황제의 몸을 용납하기에 족한 것이어야 할 것을 이 나무와 무명의 침대는 어인 일인고.
앙 기모띠
keywords :  ['앙', '기', '모', '띠']
나는 한 발걸음에 주저하고 두 발걸음에 앙탈하다가 문득 돌아보니 우리집 울 뒤의 대추나무에는 대추가 발갛게 익었구료.
앙 기모띠
keywords :  ['앙', '기', '모', '띠']
흠앙  치 아니지 못하였어요.
앙 기모띠
keywords :  ['앙', '기', '모', '띠']
실없이 고마운 비 때문에 발악도 못 치고 앙살도 못 피우고 무릎 앞에 고분고분 늘어져 있는 계집을 대 견 히 바라보며 빙긋이 얼려 보았어요.
앙 기모띠
keywords :  ['앙', '기', '모', '띠']
반들반들 한 대야 머리와 배암같이 번쩍이는 조그마한 눈과 앙상하게 다문 입에는 찬바람이 도는 듯해요.
야 기분 좋다
keywords :  ['야', '기분', '좋다']
그래서 어머니는 다시 일층 목소리를 낮추어서 타이르듯이 이야기를 꺼내려고,
야 기분 좋다
keywords :  ['야', '기분', '좋다']
자 이런 일도 있는데 일개 여급 발길로 차는 것 쯤이야 팥고물이 아니고 무엇이겠소?
야 기분 좋다
keywords :  ['야', '기분', '좋다']
 그게 무슨 소리야.
야 기분 좋다
keywords :  ['야', '기분', '좋다']
나는 저기서 기도 드려야 겠어요.
야 기분 좋다
keywords :  ['야', '기분', '좋다']
하며 이야기 꼬리를 멀리 돌려서 나의 입장과 행동을 변명도 하고 될 수 있는 정도까지 어머니를 깨우려고 애를 쓴어요.
야 기분 좋다
keywords :  ['야', '기분', '좋다']
 아직 잘 모르겠으나 아마 자네에게 꼭 일러야 할 일이 있을지도 몰라.
오늘은 너무 기분이 안 좋다
keywords :  ['오늘', '은', '너무', '기분', '이', '안', '좋다']
 오늘 이 편집장인지 주간인지가 들어오면 대진정을 하고 다소라도 변통하여 달라고 해 보세……. 그래 안 되면 그만두지 이리 나 저리 나 굶기는 마찬가지가 아닌가?
설렁탕을 사왔는데
keywords :  ['설렁탕', '을', '사왔는데']
사흘 전부터 설렁탕 국물이 마시고 싶다고
설렁탕을 사와바라
keywords :  ['설렁탕', '을', '사와', '바라']
인제 설렁탕을 사 줄 수도 있어요.
인제군 노예 장진호
keywords :  ['인제군', '노예', '장진호']
늙은 고모들은 혹 눕기도 하고 젊은 누이들은 공연히 자리를 잡지 못하고 들어왔다 나갔다 해요.
늙은 고모들은 혹 눕기도 하고 젊은 누이들은 공연히 자리를 잡지 못하고 들어왔다 나갔다 해요.
군지해라 문학소년
keywords :  ['군', '지해', '라', '문학', '소년']
군인은 난감하다는 듯이 다시 고개를 문 안으로 들이밀며
군대 언제 가냐
keywords :  ['군대', '언제', '가냐']
뒤떨어진 군사는 있는 힘을 다하여 어찌할 줄 모르고 발을 빨리 하는 모양이건만 벌써 서너 마장이나 , 앞선 군대를 따를 수 없음을 각오하였던지 그만 푹 거꾸러져 버린어요.
군대 언제가
keywords :  ['군대', '언제', '가']
수 군대 긴 했지마는 손 호 관의 위엄에 눌리어 감히 그 이유를 묻는 자는 없었어요.
군대 가자
keywords :  ['군대', '가자']
다만 끓는 피, 힘주어 지는 주먹만을 무기로, 일본의 정예한 군대를 당할 수가 도저히 없었어요.
군지해라
keywords :  ['군', '지해', '라']
싶어서 더욱 짓궂게 군것이 미안 해진어요.
ㅎㄹㅎㅇ
keywords :  ['ㅎㄹㅎㅇ']
왕은 익재의 들어 옴을 반가이 맞아 자리까지 권하셨어요.
왕은 익재의 들어 옴을 반가이 맞아 자리까지 권하셨어요.
ㅋㅋㅋㅋ
keywords :  ['ㅋㅋㅋㅋ']
 돈은 우리 누님이 쓰는데요…… 누님 나오거든 말씀하십시오.
 돈은 우리 누님이 쓰는데요…… 누님 나오거든 말씀하십시오.
돈내놔
keywords :  ['돈', '내놔']
   그까짓 놈 들이 돈만 알지 뭘 알아. 어머니의 하던 말 그대로 되풀이하고 맥없이 주저앉았어요.
얘기해봐
keywords :  ['얘기', '해봐']
 만난 지 오래기에 하룻밤 얘기나 해볼까 해서.
ㅋㅋㅋ
keywords :  ['ㅋㅋㅋ']
때때로 이르는 믿는 자들의 아룀으로 말미암아, 그는 예루 살 렘의 모든 제 사장이 지사  본디오 빌라도에게 참소를 하고, 갖은 힘을 다하여 그를 잡으려는 것을 알았어요.
때때로 이르는 믿는 자들의 아룀으로 말미암아, 그는 예루 살 렘의 모든 제 사장이 지사  본디오 빌라도에게 참소를 하고, 갖은 힘을 다하여 그를 잡으려는 것을 알았어요.
옥산아세트산
keywords :  ['옥산', '아세트산']
그러나 이 들이켰다 내쉰 숨이 어머님의 마지막 호흡이었어요.
그러나 이 들이켰다 내쉰 숨이 어머님의 마지막 호흡이었어요.
.
keywords :  ['.']
그는 용기가 났어요.
.
keywords :  ['.']
 응, 일어나지.
..
keywords :  ['..']
그러나 지수는 문호보다 문해 와 동형이나. 말이 적고 지혜롭고 침착하고... 그러므로 지수는 문호보다도 문해를 사랑해요.
..
keywords :  ['..']
 그래도 어제 공판 갔던 사람이 재판소 앞에서 맏형을 봤다는 데....
....
keywords :  ['....']
 잘 있었니......
.........
keywords :  ['.........']
순사와 같이 섰던 두루막 입은 사람은 지금 내리려는 그 청년에게 물었어요.
순사와 같이 섰던 두루막 입은 사람은 지금 내리려는 그 청년에게 물었어요.
....................
keywords :  ['....................']
손 생원은 나이 열일곱 때에 동문수학하는 유 항.  과 또 하나 양  모와 세 사람이 절에서 두 달 동안을 공부하게 되었어요.
손 생원은 나이 열일곱 때에 동문수학하는 유 항.  과 또 하나 양  모와 세 사람이 절에서 두 달 동안을 공부하게 되었어요.
치킨 먹고 싶어요
keywords :  ['치킨', '먹고', '싶어요']
비등한 이야기에는 한이 없는 것이었어요.
비등한 이야기에는 한이 없는 것이었어요.
야 병신새꺄 이게 다 추진력을 얻기 위함이라고
keywords :  ['야', '병신', '새', '꺄', '이', '게', '다', '추진', '력', '을', '얻기', '위함', '이라고']
이게 어떻게 인생의 타락을 그대로 폭로시킨 말이야.
계획대로 돼 가고 있어
keywords :  ['계획', '대로', '돼', '가고', '있어']
학생들을 인솔할 때 외에도 대개는 세 사람이 주동이 되어서 등산을 계획하고 실행하고  차례차례 로 산을 정복해 왔어요.
계획대로 되고 있어
keywords :  ['계획', '대로', '되고', '있어']
넓은 집을 바라는 곳에서 일만 원의 발설을 알뜰히 명심하게 되었고, 그것이 은연중에 여행의 계획도 된 모양이었어요.
소년 점프
keywords :  ['소년', '점프']
소년은 비로소 빙긋 웃었어요.
소년점프
keywords :  ['소년점프']
 나는 더 도리가 없소.
 나는 더 도리가 없소.
와다다다다다다다
keywords :  ['와', '다다다', '다다다', '다']
남 죽은 남 죽으로서 딴소리를, 듣고 보니 오 닐 의  고래 의 구절 구절을 아직도 취흥에 겨운 목소리로 대로상에서 마치 무대에서 와 같은 감정으로 외치는 것이었어요.[06/Jun/2019 13:27:00] "POST /%5Ekeyboard HTTP/1.1" 200 493
[06/Jun/2019 13:27:07] "POST /%5Ekeyboard HTTP/1.1" 200 160
[06/Jun/2019 13:27:10] "POST /%5Ekeyboard HTTP/1.1" 200 119
[06/Jun/2019 13:27:12] "POST /%5Ekeyboard HTTP/1.1" 200 160
[06/Jun/2019 13:27:17] "POST /%5Ekeyboard HTTP/1.1" 200 166
[06/Jun/2019 13:27:24] "POST /%5Ekeyboard HTTP/1.1" 200 474
[06/Jun/2019 13:27:30] "POST /%5Ekeyboard HTTP/1.1" 200 162
[06/Jun/2019 13:27:31] "POST /%5Ekeyboard HTTP/1.1" 200 146
[06/Jun/2019 13:27:32] "POST /%5Ekeyboard HTTP/1.1" 200 336
[06/Jun/2019 13:27:33] "POST /%5Ekeyboard HTTP/1.1" 200 197
[06/Jun/2019 13:27:33] "POST /%5Ekeyboard HTTP/1.1" 200 125
[06/Jun/2019 13:27:34] "POST /%5Ekeyboard HTTP/1.1" 200 127
[06/Jun/2019 13:27:34] "POST /%5Ekeyboard HTTP/1.1" 200 228
[06/Jun/2019 13:27:34] "POST /%5Ekeyboard HTTP/1.1" 200 228
[06/Jun/2019 13:27:34] "POST /%5Ekeyboard HTTP/1.1" 200 228
[06/Jun/2019 13:27:34] "POST /%5Ekeyboard HTTP/1.1" 200 228
[06/Jun/2019 13:27:46] "POST /%5Ekeyboard HTTP/1.1" 200 236
[06/Jun/2019 13:27:49] "POST /%5Ekeyboard HTTP/1.1" 200 145
[06/Jun/2019 13:27:52] "POST /%5Ekeyboard HTTP/1.1" 200 463
[06/Jun/2019 13:27:57] "POST /%5Ekeyboard HTTP/1.1" 200 278
[06/Jun/2019 13:27:58] "POST /%5Ekeyboard HTTP/1.1" 200 501
[06/Jun/2019 15:03:41] "POST /%5Ekeyboard HTTP/1.1" 200 179
[06/Jun/2019 15:06:04] "POST /%5Ekeyboard HTTP/1.1" 200 215
[06/Jun/2019 15:06:04] "POST /%5Ekeyboard HTTP/1.1" 200 445
[06/Jun/2019 15:06:25] "POST /%5Ekeyboard HTTP/1.1" 200 126
System check identified some issues:

WARNINGS:
?: (2_0.W001) Your URL pattern '^keyboard' has a route that contains '(?P<', begins with a '^', or ends with a '$'. This was likely an oversight when migrating to django.urls.path().

System check identified 1 issue (0 silenced).
[06/Jun/2019 16:21:35] "POST /%5Ekeyboard HTTP/1.1" 200 163
